[20:40:38] [INFO] Enabled support for The One Probe
[20:40:45] [INFO] ModConfig Loaded: true
[20:40:45] [INFO] JEI: Compost Recipe Pages Loaded:         2
[20:40:45] [INFO] JEI: Fluid Block Transform Recipes Loaded:       23
[20:40:45] [INFO] JEI: Fluid On Top Recipes Loaded:       2
[20:40:45] [INFO] JEI: Fluid Transform Recipes Loaded:    1
[20:40:45] [INFO] JEI: Hammer Recipes Loaded:             26
[20:40:45] [INFO] JEI: Crook Recipes Loaded:              1
[20:40:45] [INFO] JEI: Heat Sources Loaded:             4
[20:40:45] [INFO] JEI: Sieve Recipes Loaded:              57
[20:40:45] [INFO] JEI: Stone Crucible Recipes Loaded:       2
[20:40:45] [INFO] JEI: Wood Crucible Recipes Loaded:        1
[20:49:30] [INFO] ModConfig Loaded: true
[20:49:30] [INFO] JEI: Compost Recipe Pages Loaded:         2
[20:49:30] [INFO] JEI: Fluid Block Transform Recipes Loaded:       23
[20:49:30] [INFO] JEI: Fluid On Top Recipes Loaded:       2
[20:49:30] [INFO] JEI: Fluid Transform Recipes Loaded:    1
[20:49:30] [INFO] JEI: Hammer Recipes Loaded:             26
[20:49:30] [INFO] JEI: Crook Recipes Loaded:              1
[20:49:30] [INFO] JEI: Heat Sources Loaded:             4
[20:49:30] [INFO] JEI: Sieve Recipes Loaded:              57
[20:49:30] [INFO] JEI: Stone Crucible Recipes Loaded:       2
[20:49:30] [INFO] JEI: Wood Crucible Recipes Loaded:        1
