[PREINITIALIZATION][CLIENT][INFO] Current loaders after merging: [[preinit]]
[PREINITIALIZATION][CLIENT][INFO] Loading scripts for loader with names [preinit]
[PREINITIALIZATION][CLIENT][INFO] [preinit | SIDE_CLIENT]: Skipping file {[0:crafttweaker]: chisel.zs} as we are currently loading with a different loader
[PREINITIALIZATION][CLIENT][INFO] [preinit | SIDE_CLIENT]: Skipping file {[0:contenttweaker]: contenttweaker.zs} as we are currently loading with a different loader
[PREINITIALIZATION][CLIENT][INFO] [preinit | SIDE_CLIENT]: Skipping file {[0:crafttweaker]: forestry.zs} as we are currently loading with a different loader
[PREINITIALIZATION][CLIENT][INFO] [preinit | SIDE_CLIENT]: Skipping file {[0:crafttweaker]: gt_machines.zs} as we are currently loading with a different loader
[PREINITIALIZATION][CLIENT][INFO] [preinit | SIDE_CLIENT]: Skipping file {[0:gregtech]: gt_materials.zs} as we are currently loading with a different loader
[PREINITIALIZATION][CLIENT][INFO] [preinit | SIDE_CLIENT]: Skipping file {[0:crafttweaker]: nuclearcraft.zs} as we are currently loading with a different loader
[PREINITIALIZATION][CLIENT][INFO] [preinit | SIDE_CLIENT]: Skipping file {[0:crafttweaker]: oredicts.zs} as we are currently loading with a different loader
[PREINITIALIZATION][CLIENT][INFO] [preinit | SIDE_CLIENT]: Skipping file {[0:crafttweaker]: pneumaticcraft.zs} as we are currently loading with a different loader
[PREINITIALIZATION][CLIENT][INFO] [preinit | SIDE_CLIENT]: Skipping file {[0:crafttweaker]: tconstruct.zs} as we are currently loading with a different loader
[PREINITIALIZATION][CLIENT][INFO] [preinit | SIDE_CLIENT]: Skipping file {[0:crafttweaker]: vanilla.zs} as we are currently loading with a different loader
[PREINITIALIZATION][CLIENT][INFO] Completed script loading in: 6ms
[PREINITIALIZATION][CLIENT][INFO] Current loaders after merging: [[preinit], [contenttweaker]]
[PREINITIALIZATION][CLIENT][INFO] Loading scripts for loader with names [contenttweaker]
[PREINITIALIZATION][CLIENT][INFO] [contenttweaker | SIDE_CLIENT]: Skipping file {[0:crafttweaker]: chisel.zs} as we are currently loading with a different loader
[PREINITIALIZATION][CLIENT][INFO] [contenttweaker | SIDE_CLIENT]: Loading Script: {[0:contenttweaker]: contenttweaker.zs}
[PREINITIALIZATION][CLIENT][INFO] [contenttweaker | SIDE_CLIENT]: Skipping file {[0:crafttweaker]: forestry.zs} as we are currently loading with a different loader
[PREINITIALIZATION][CLIENT][INFO] [contenttweaker | SIDE_CLIENT]: Skipping file {[0:crafttweaker]: gt_machines.zs} as we are currently loading with a different loader
[PREINITIALIZATION][CLIENT][INFO] [contenttweaker | SIDE_CLIENT]: Skipping file {[0:gregtech]: gt_materials.zs} as we are currently loading with a different loader
[PREINITIALIZATION][CLIENT][INFO] [contenttweaker | SIDE_CLIENT]: Skipping file {[0:crafttweaker]: nuclearcraft.zs} as we are currently loading with a different loader
[PREINITIALIZATION][CLIENT][INFO] [contenttweaker | SIDE_CLIENT]: Skipping file {[0:crafttweaker]: oredicts.zs} as we are currently loading with a different loader
[PREINITIALIZATION][CLIENT][INFO] [contenttweaker | SIDE_CLIENT]: Skipping file {[0:crafttweaker]: pneumaticcraft.zs} as we are currently loading with a different loader
[PREINITIALIZATION][CLIENT][INFO] [contenttweaker | SIDE_CLIENT]: Skipping file {[0:crafttweaker]: tconstruct.zs} as we are currently loading with a different loader
[PREINITIALIZATION][CLIENT][INFO] [contenttweaker | SIDE_CLIENT]: Skipping file {[0:crafttweaker]: vanilla.zs} as we are currently loading with a different loader
[PREINITIALIZATION][CLIENT][INFO] Completed script loading in: 446ms
[PREINITIALIZATION][CLIENT][INFO] Current loaders after merging: [[preinit], [contenttweaker], [gregtech]]
[PREINITIALIZATION][CLIENT][INFO] Loading scripts for loader with names [gregtech]
[PREINITIALIZATION][CLIENT][INFO] [gregtech | SIDE_CLIENT]: Skipping file {[0:crafttweaker]: chisel.zs} as we are currently loading with a different loader
[PREINITIALIZATION][CLIENT][INFO] [gregtech | SIDE_CLIENT]: Skipping file {[0:contenttweaker]: contenttweaker.zs} as we are currently loading with a different loader
[PREINITIALIZATION][CLIENT][INFO] [gregtech | SIDE_CLIENT]: Skipping file {[0:crafttweaker]: forestry.zs} as we are currently loading with a different loader
[PREINITIALIZATION][CLIENT][INFO] [gregtech | SIDE_CLIENT]: Skipping file {[0:crafttweaker]: gt_machines.zs} as we are currently loading with a different loader
[PREINITIALIZATION][CLIENT][INFO] [gregtech | SIDE_CLIENT]: Loading Script: {[0:gregtech]: gt_materials.zs}
[PREINITIALIZATION][CLIENT][INFO] [gregtech | SIDE_CLIENT]: Skipping file {[0:crafttweaker]: nuclearcraft.zs} as we are currently loading with a different loader
[PREINITIALIZATION][CLIENT][INFO] [gregtech | SIDE_CLIENT]: Skipping file {[0:crafttweaker]: oredicts.zs} as we are currently loading with a different loader
[PREINITIALIZATION][CLIENT][INFO] [gregtech | SIDE_CLIENT]: Skipping file {[0:crafttweaker]: pneumaticcraft.zs} as we are currently loading with a different loader
[PREINITIALIZATION][CLIENT][INFO] [gregtech | SIDE_CLIENT]: Skipping file {[0:crafttweaker]: tconstruct.zs} as we are currently loading with a different loader
[PREINITIALIZATION][CLIENT][INFO] [gregtech | SIDE_CLIENT]: Skipping file {[0:crafttweaker]: vanilla.zs} as we are currently loading with a different loader
[PREINITIALIZATION][CLIENT][INFO] Completed script loading in: 38ms
[INITIALIZATION][CLIENT][INFO] CraftTweaker: Building registry
[INITIALIZATION][CLIENT][INFO] CraftTweaker: Successfully built item registry
[INITIALIZATION][CLIENT][INFO] Current loaders after merging: [[preinit], [contenttweaker], [gregtech], [recipeevent | crafttweaker]]
[INITIALIZATION][CLIENT][INFO] Loading scripts for loader with names [crafttweaker | recipeevent]
[INITIALIZATION][CLIENT][INFO] [crafttweaker | SIDE_CLIENT]: Loading Script: {[0:crafttweaker]: chisel.zs}
[INITIALIZATION][CLIENT][INFO] [crafttweaker | SIDE_CLIENT]: Skipping file {[0:contenttweaker]: contenttweaker.zs} as we are currently loading with a different loader
[INITIALIZATION][CLIENT][INFO] [crafttweaker | SIDE_CLIENT]: Loading Script: {[0:crafttweaker]: forestry.zs}
[INITIALIZATION][CLIENT][INFO] [crafttweaker | SIDE_CLIENT]: Loading Script: {[0:crafttweaker]: gt_machines.zs}
[INITIALIZATION][CLIENT][INFO] [crafttweaker | SIDE_CLIENT]: Skipping file {[0:gregtech]: gt_materials.zs} as we are currently loading with a different loader
[INITIALIZATION][CLIENT][INFO] [crafttweaker | SIDE_CLIENT]: Loading Script: {[0:crafttweaker]: nuclearcraft.zs}
[INITIALIZATION][CLIENT][INFO] Removing all nuclearcraft_manufactory recipes
[INITIALIZATION][CLIENT][INFO] Removing all nuclearcraft_isotope_separator recipes
[INITIALIZATION][CLIENT][INFO] Removing all nuclearcraft_decay_hastener recipes
[INITIALIZATION][CLIENT][INFO] Removing all nuclearcraft_fuel_reprocessor recipes
[INITIALIZATION][CLIENT][INFO] Removing all nuclearcraft_alloy_furnace recipes
[INITIALIZATION][CLIENT][INFO] Removing all nuclearcraft_infuser recipes
[INITIALIZATION][CLIENT][INFO] Removing all nuclearcraft_melter recipes
[INITIALIZATION][CLIENT][INFO] Removing all nuclearcraft_supercooler recipes
[INITIALIZATION][CLIENT][INFO] Removing all nuclearcraft_electrolyser recipes
[INITIALIZATION][CLIENT][INFO] Removing all nuclearcraft_irradiator recipes
[INITIALIZATION][CLIENT][INFO] Removing all nuclearcraft_ingot_former recipes
[INITIALIZATION][CLIENT][INFO] Removing all nuclearcraft_pressurizer recipes
[INITIALIZATION][CLIENT][INFO] Removing all nuclearcraft_chemical_reactor recipes
[INITIALIZATION][CLIENT][INFO] Removing all nuclearcraft_salt_mixer recipes
[INITIALIZATION][CLIENT][INFO] Removing all nuclearcraft_crystallizer recipes
[INITIALIZATION][CLIENT][INFO] Removing all nuclearcraft_dissolver recipes
[INITIALIZATION][CLIENT][INFO] Removing all nuclearcraft_extractor recipes
[INITIALIZATION][CLIENT][INFO] Removing all nuclearcraft_centrifuge recipes
[INITIALIZATION][CLIENT][INFO] Removing all nuclearcraft_rock_crusher recipes
[INITIALIZATION][CLIENT][INFO] Removing all nuclearcraft_decay_generator recipes
[INITIALIZATION][CLIENT][INFO] Removing all nuclearcraft_fusion recipes
[INITIALIZATION][CLIENT][INFO] Removing all nuclearcraft_salt_fission recipes
[INITIALIZATION][CLIENT][INFO] [crafttweaker | SIDE_CLIENT]: Loading Script: {[0:crafttweaker]: oredicts.zs}
[INITIALIZATION][CLIENT][INFO] Copying contents of ore dictionary entry gemCoke to fuelCoke
[INITIALIZATION][CLIENT][INFO] Adding Input Hatch (ULV) to ore dictionary entry anyInputHatch
[INITIALIZATION][CLIENT][INFO] Adding Input Hatch (LV) to ore dictionary entry anyInputHatch
[INITIALIZATION][CLIENT][INFO] Adding Input Hatch (MV) to ore dictionary entry anyInputHatch
[INITIALIZATION][CLIENT][INFO] Adding Input Hatch (HV) to ore dictionary entry anyInputHatch
[INITIALIZATION][CLIENT][INFO] Adding Input Hatch (EV) to ore dictionary entry anyInputHatch
[INITIALIZATION][CLIENT][INFO] Adding Input Hatch (IV) to ore dictionary entry anyInputHatch
[INITIALIZATION][CLIENT][INFO] Adding Input Hatch (LuV) to ore dictionary entry anyInputHatch
[INITIALIZATION][CLIENT][INFO] Adding Input Hatch (ZPM) to ore dictionary entry anyInputHatch
[INITIALIZATION][CLIENT][INFO] Adding Input Hatch (UV) to ore dictionary entry anyInputHatch
[INITIALIZATION][CLIENT][INFO] Adding Input Hatch (MAX) to ore dictionary entry anyInputHatch
[INITIALIZATION][CLIENT][INFO] Adding Energy Input Hatch (ULV) to ore dictionary entry anyEnergyInputHatch
[INITIALIZATION][CLIENT][INFO] Adding Energy Input Hatch (LV) to ore dictionary entry anyEnergyInputHatch
[INITIALIZATION][CLIENT][INFO] Adding Energy Input Hatch (MV) to ore dictionary entry anyEnergyInputHatch
[INITIALIZATION][CLIENT][INFO] Adding Energy Input Hatch (HV) to ore dictionary entry anyEnergyInputHatch
[INITIALIZATION][CLIENT][INFO] Adding Energy Input Hatch (EV) to ore dictionary entry anyEnergyInputHatch
[INITIALIZATION][CLIENT][INFO] Adding Energy Input Hatch (IV) to ore dictionary entry anyEnergyInputHatch
[INITIALIZATION][CLIENT][INFO] Adding Energy Input Hatch (LuV) to ore dictionary entry anyEnergyInputHatch
[INITIALIZATION][CLIENT][INFO] Adding Energy Input Hatch (ZPM) to ore dictionary entry anyEnergyInputHatch
[INITIALIZATION][CLIENT][INFO] Adding Energy Input Hatch (UV) to ore dictionary entry anyEnergyInputHatch
[INITIALIZATION][CLIENT][INFO] Adding Energy Input Hatch (MAX) to ore dictionary entry anyEnergyInputHatch
[INITIALIZATION][CLIENT][INFO] Adding Input Bus (ULV) to ore dictionary entry anyInputBus
[INITIALIZATION][CLIENT][INFO] Adding Input Bus (LV) to ore dictionary entry anyInputBus
[INITIALIZATION][CLIENT][INFO] Adding Input Bus (MV) to ore dictionary entry anyInputBus
[INITIALIZATION][CLIENT][INFO] Adding Input Bus (HV) to ore dictionary entry anyInputBus
[INITIALIZATION][CLIENT][INFO] Adding Input Bus (EV) to ore dictionary entry anyInputBus
[INITIALIZATION][CLIENT][INFO] Adding Input Bus (IV) to ore dictionary entry anyInputBus
[INITIALIZATION][CLIENT][INFO] Adding Input Bus (LuV) to ore dictionary entry anyInputBus
[INITIALIZATION][CLIENT][INFO] Adding Input Bus (ZPM) to ore dictionary entry anyInputBus
[INITIALIZATION][CLIENT][INFO] Adding Input Bus (UV) to ore dictionary entry anyInputBus
[INITIALIZATION][CLIENT][INFO] Adding Input Bus (MAX) to ore dictionary entry anyInputBus
[INITIALIZATION][CLIENT][INFO] Adding Output Bus (ULV) to ore dictionary entry anyOutputBus
[INITIALIZATION][CLIENT][INFO] Adding Output Bus (LV) to ore dictionary entry anyOutputBus
[INITIALIZATION][CLIENT][INFO] Adding Output Bus (MV) to ore dictionary entry anyOutputBus
[INITIALIZATION][CLIENT][INFO] Adding Output Bus (HV) to ore dictionary entry anyOutputBus
[INITIALIZATION][CLIENT][INFO] Adding Output Bus (EV) to ore dictionary entry anyOutputBus
[INITIALIZATION][CLIENT][INFO] Adding Output Bus (IV) to ore dictionary entry anyOutputBus
[INITIALIZATION][CLIENT][INFO] Adding Output Bus (LuV) to ore dictionary entry anyOutputBus
[INITIALIZATION][CLIENT][INFO] Adding Output Bus (ZPM) to ore dictionary entry anyOutputBus
[INITIALIZATION][CLIENT][INFO] Adding Output Bus (UV) to ore dictionary entry anyOutputBus
[INITIALIZATION][CLIENT][INFO] Adding Output Bus (MAX) to ore dictionary entry anyOutputBus
[INITIALIZATION][CLIENT][INFO] Adding Output Hatch (ULV) to ore dictionary entry anyOutputHatch
[INITIALIZATION][CLIENT][INFO] Adding Output Hatch (LV) to ore dictionary entry anyOutputHatch
[INITIALIZATION][CLIENT][INFO] Adding Output Hatch (MV) to ore dictionary entry anyOutputHatch
[INITIALIZATION][CLIENT][INFO] Adding Output Hatch (HV) to ore dictionary entry anyOutputHatch
[INITIALIZATION][CLIENT][INFO] Adding Output Hatch (EV) to ore dictionary entry anyOutputHatch
[INITIALIZATION][CLIENT][INFO] Adding Output Hatch (IV) to ore dictionary entry anyOutputHatch
[INITIALIZATION][CLIENT][INFO] Adding Output Hatch (LuV) to ore dictionary entry anyOutputHatch
[INITIALIZATION][CLIENT][INFO] Adding Output Hatch (ZPM) to ore dictionary entry anyOutputHatch
[INITIALIZATION][CLIENT][INFO] Adding Output Hatch (UV) to ore dictionary entry anyOutputHatch
[INITIALIZATION][CLIENT][INFO] Adding Output Hatch (MAX) to ore dictionary entry anyOutputHatch
[INITIALIZATION][CLIENT][INFO] Adding Energy Output Hatch (ULV) to ore dictionary entry anyEnergyOutputHatch
[INITIALIZATION][CLIENT][INFO] Adding Energy Output Hatch (LV) to ore dictionary entry anyEnergyOutputHatch
[INITIALIZATION][CLIENT][INFO] Adding Energy Output Hatch (MV) to ore dictionary entry anyEnergyOutputHatch
[INITIALIZATION][CLIENT][INFO] Adding Energy Output Hatch (HV) to ore dictionary entry anyEnergyOutputHatch
[INITIALIZATION][CLIENT][INFO] Adding Energy Output Hatch (EV) to ore dictionary entry anyEnergyOutputHatch
[INITIALIZATION][CLIENT][INFO] Adding Energy Output Hatch (IV) to ore dictionary entry anyEnergyOutputHatch
[INITIALIZATION][CLIENT][INFO] Adding Energy Output Hatch (LuV) to ore dictionary entry anyEnergyOutputHatch
[INITIALIZATION][CLIENT][INFO] Adding Energy Output Hatch (ZPM) to ore dictionary entry anyEnergyOutputHatch
[INITIALIZATION][CLIENT][INFO] Adding Energy Output Hatch (UV) to ore dictionary entry anyEnergyOutputHatch
[INITIALIZATION][CLIENT][INFO] Adding Energy Output Hatch (MAX) to ore dictionary entry anyEnergyOutputHatch
[INITIALIZATION][CLIENT][INFO] Adding Rotor Holder (HV) to ore dictionary entry anyRotorHolder
[INITIALIZATION][CLIENT][INFO] Adding Rotor Holder (LuV) to ore dictionary entry anyRotorHolder
[INITIALIZATION][CLIENT][INFO] Adding Rotor Holder (MAX) to ore dictionary entry anyRotorHolder
[INITIALIZATION][CLIENT][INFO] Adding Low Voltage Battery Buffer to ore dictionary entry anyLVBatBuff
[INITIALIZATION][CLIENT][INFO] Adding Low Voltage Battery Buffer to ore dictionary entry anyLVBatBuff
[INITIALIZATION][CLIENT][INFO] Adding Low Voltage Battery Buffer to ore dictionary entry anyLVBatBuff
[INITIALIZATION][CLIENT][INFO] Adding Low Voltage Battery Buffer to ore dictionary entry anyLVBatBuff
[INITIALIZATION][CLIENT][INFO] Adding Medium Voltage Battery Buffer to ore dictionary entry anyMVBatBuff
[INITIALIZATION][CLIENT][INFO] Adding Medium Voltage Battery Buffer to ore dictionary entry anyMVBatBuff
[INITIALIZATION][CLIENT][INFO] Adding Medium Voltage Battery Buffer to ore dictionary entry anyMVBatBuff
[INITIALIZATION][CLIENT][INFO] Adding Medium Voltage Battery Buffer to ore dictionary entry anyMVBatBuff
[INITIALIZATION][CLIENT][INFO] Adding High Voltage Battery Buffer to ore dictionary entry anyHVBatBuff
[INITIALIZATION][CLIENT][INFO] Adding High Voltage Battery Buffer to ore dictionary entry anyHVBatBuff
[INITIALIZATION][CLIENT][INFO] Adding High Voltage Battery Buffer to ore dictionary entry anyHVBatBuff
[INITIALIZATION][CLIENT][INFO] Adding High Voltage Battery Buffer to ore dictionary entry anyHVBatBuff
[INITIALIZATION][CLIENT][INFO] Adding Extreme Voltage Battery Buffer to ore dictionary entry anyEVBatBuff
[INITIALIZATION][CLIENT][INFO] Adding Extreme Voltage Battery Buffer to ore dictionary entry anyEVBatBuff
[INITIALIZATION][CLIENT][INFO] Adding Extreme Voltage Battery Buffer to ore dictionary entry anyEVBatBuff
[INITIALIZATION][CLIENT][INFO] Adding Extreme Voltage Battery Buffer to ore dictionary entry anyEVBatBuff
[INITIALIZATION][CLIENT][INFO] Adding Insane Voltage Battery Buffer to ore dictionary entry anyIVBatBuff
[INITIALIZATION][CLIENT][INFO] Adding Insane Voltage Battery Buffer to ore dictionary entry anyIVBatBuff
[INITIALIZATION][CLIENT][INFO] Adding Insane Voltage Battery Buffer to ore dictionary entry anyIVBatBuff
[INITIALIZATION][CLIENT][INFO] Adding Insane Voltage Battery Buffer to ore dictionary entry anyIVBatBuff
[INITIALIZATION][CLIENT][INFO] Adding Ludicrous Voltage Battery Buffer to ore dictionary entry anyLuVBatBuff
[INITIALIZATION][CLIENT][INFO] Adding Ludicrous Voltage Battery Buffer to ore dictionary entry anyLuVBatBuff
[INITIALIZATION][CLIENT][INFO] Adding Ludicrous Voltage Battery Buffer to ore dictionary entry anyLuVBatBuff
[INITIALIZATION][CLIENT][INFO] Adding Ludicrous Voltage Battery Buffer to ore dictionary entry anyLuVBatBuff
[INITIALIZATION][CLIENT][INFO] Adding ZPM Voltage Battery Buffer to ore dictionary entry anyZPMBatBuff
[INITIALIZATION][CLIENT][INFO] Adding ZPM Voltage Battery Buffer to ore dictionary entry anyZPMBatBuff
[INITIALIZATION][CLIENT][INFO] Adding ZPM Voltage Battery Buffer to ore dictionary entry anyZPMBatBuff
[INITIALIZATION][CLIENT][INFO] Adding ZPM Voltage Battery Buffer to ore dictionary entry anyZPMBatBuff
[INITIALIZATION][CLIENT][INFO] Adding Ultimate Voltage Battery Buffer to ore dictionary entry anyUVBatBuff
[INITIALIZATION][CLIENT][INFO] Adding Ultimate Voltage Battery Buffer to ore dictionary entry anyUVBatBuff
[INITIALIZATION][CLIENT][INFO] Adding Ultimate Voltage Battery Buffer to ore dictionary entry anyUVBatBuff
[INITIALIZATION][CLIENT][INFO] Adding Ultimate Voltage Battery Buffer to ore dictionary entry anyUVBatBuff
[INITIALIZATION][CLIENT][INFO] Adding MAX Voltage Battery Buffer to ore dictionary entry anyMAXBatBuff
[INITIALIZATION][CLIENT][INFO] Adding MAX Voltage Battery Buffer to ore dictionary entry anyMAXBatBuff
[INITIALIZATION][CLIENT][INFO] Adding MAX Voltage Battery Buffer to ore dictionary entry anyMAXBatBuff
[INITIALIZATION][CLIENT][INFO] Adding MAX Voltage Battery Buffer to ore dictionary entry anyMAXBatBuff
[INITIALIZATION][CLIENT][INFO] Adding Basic Quantum Tank to ore dictionary entry anyQuantumTank
[INITIALIZATION][CLIENT][INFO] Adding Advanced Quantum Tank to ore dictionary entry anyQuantumTank
[INITIALIZATION][CLIENT][INFO] Adding Advanced Quantum Tank II to ore dictionary entry anyQuantumTank
[INITIALIZATION][CLIENT][INFO] Adding Black Hole-Quantum Tank III to ore dictionary entry anyQuantumTank
[INITIALIZATION][CLIENT][INFO] Adding Basic Quantum Chest to ore dictionary entry anyQuantumChest
[INITIALIZATION][CLIENT][INFO] Adding Advanced Quantum Chest to ore dictionary entry anyQuantumChest
[INITIALIZATION][CLIENT][INFO] Adding Advanced Quantum Chest II to ore dictionary entry anyQuantumChest
[INITIALIZATION][CLIENT][INFO] Adding Black Hole-Quantum Chest III to ore dictionary entry anyQuantumChest
[INITIALIZATION][CLIENT][INFO] Adding Marble to ore dictionary entry stoneMarble
[INITIALIZATION][CLIENT][INFO] Adding Marble Bricks to ore dictionary entry stoneMarble
[INITIALIZATION][CLIENT][INFO] Adding Cracked Marble Bricks to ore dictionary entry stoneMarble
[INITIALIZATION][CLIENT][INFO] Adding Chiseled Marble to ore dictionary entry stoneMarble
[INITIALIZATION][CLIENT][INFO] Adding Red Granite to ore dictionary entry stoneRedGranite
[INITIALIZATION][CLIENT][INFO] Adding Red Granite Bricks to ore dictionary entry stoneRedGranite
[INITIALIZATION][CLIENT][INFO] Adding Cracked Red Granite Bricks to ore dictionary entry stoneRedGranite
[INITIALIZATION][CLIENT][INFO] Adding Chiseled Red Granite to ore dictionary entry stoneRedGranite
[INITIALIZATION][CLIENT][INFO] Adding Black Granite to ore dictionary entry stoneBlackGranite
[INITIALIZATION][CLIENT][INFO] Adding Black Granite Bricks to ore dictionary entry stoneBlackGranite
[INITIALIZATION][CLIENT][INFO] Adding Cracked Black Granite Bricks to ore dictionary entry stoneBlackGranite
[INITIALIZATION][CLIENT][INFO] Adding Chiseled Black Granite to ore dictionary entry stoneBlackGranite
[INITIALIZATION][CLIENT][INFO] Adding Basalt to ore dictionary entry stoneBasalt
[INITIALIZATION][CLIENT][INFO] Adding Basalt Bricks to ore dictionary entry stoneBasalt
[INITIALIZATION][CLIENT][INFO] Adding Cracked Basalt Bricks to ore dictionary entry stoneBasalt
[INITIALIZATION][CLIENT][INFO] Adding Chiseled Basalt to ore dictionary entry stoneBasalt
[INITIALIZATION][CLIENT][INFO] Removing Black Concrete from ore dictionary entry blockConcrete
[INITIALIZATION][CLIENT][INFO] Removing Red Concrete from ore dictionary entry blockConcrete
[INITIALIZATION][CLIENT][INFO] Removing Green Concrete from ore dictionary entry blockConcrete
[INITIALIZATION][CLIENT][INFO] Removing Brown Concrete from ore dictionary entry blockConcrete
[INITIALIZATION][CLIENT][INFO] Removing Blue Concrete from ore dictionary entry blockConcrete
[INITIALIZATION][CLIENT][INFO] Removing Purple Concrete from ore dictionary entry blockConcrete
[INITIALIZATION][CLIENT][INFO] Removing Cyan Concrete from ore dictionary entry blockConcrete
[INITIALIZATION][CLIENT][INFO] Removing Light Gray Concrete from ore dictionary entry blockConcrete
[INITIALIZATION][CLIENT][INFO] Removing Gray Concrete from ore dictionary entry blockConcrete
[INITIALIZATION][CLIENT][INFO] Removing Pink Concrete from ore dictionary entry blockConcrete
[INITIALIZATION][CLIENT][INFO] Removing Lime Concrete from ore dictionary entry blockConcrete
[INITIALIZATION][CLIENT][INFO] Removing Yellow Concrete from ore dictionary entry blockConcrete
[INITIALIZATION][CLIENT][INFO] Removing Light Blue Concrete from ore dictionary entry blockConcrete
[INITIALIZATION][CLIENT][INFO] Removing Magenta Concrete from ore dictionary entry blockConcrete
[INITIALIZATION][CLIENT][INFO] Removing Orange Concrete from ore dictionary entry blockConcrete
[INITIALIZATION][CLIENT][INFO] Removing White Concrete from ore dictionary entry blockConcrete
[INITIALIZATION][CLIENT][INFO] Removing Black Concrete from ore dictionary entry blockConcrete
[INITIALIZATION][CLIENT][INFO] Removing Red Concrete from ore dictionary entry blockConcrete
[INITIALIZATION][CLIENT][INFO] Removing Green Concrete from ore dictionary entry blockConcrete
[INITIALIZATION][CLIENT][INFO] Removing Brown Concrete from ore dictionary entry blockConcrete
[INITIALIZATION][CLIENT][INFO] Removing Blue Concrete from ore dictionary entry blockConcrete
[INITIALIZATION][CLIENT][INFO] Removing Purple Concrete from ore dictionary entry blockConcrete
[INITIALIZATION][CLIENT][INFO] Removing Cyan Concrete from ore dictionary entry blockConcrete
[INITIALIZATION][CLIENT][INFO] Removing Light Gray Concrete from ore dictionary entry blockConcrete
[INITIALIZATION][CLIENT][INFO] Removing Gray Concrete from ore dictionary entry blockConcrete
[INITIALIZATION][CLIENT][INFO] Removing Pink Concrete from ore dictionary entry blockConcrete
[INITIALIZATION][CLIENT][INFO] Removing Lime Concrete from ore dictionary entry blockConcrete
[INITIALIZATION][CLIENT][INFO] Removing Yellow Concrete from ore dictionary entry blockConcrete
[INITIALIZATION][CLIENT][INFO] Removing Light Blue Concrete from ore dictionary entry blockConcrete
[INITIALIZATION][CLIENT][INFO] Removing Magenta Concrete from ore dictionary entry blockConcrete
[INITIALIZATION][CLIENT][INFO] Removing Orange Concrete from ore dictionary entry blockConcrete
[INITIALIZATION][CLIENT][INFO] Removing White Concrete from ore dictionary entry blockConcrete
[INITIALIZATION][CLIENT][INFO] Removing Black Concrete from ore dictionary entry blockConcrete
[INITIALIZATION][CLIENT][INFO] Removing Red Concrete from ore dictionary entry blockConcrete
[INITIALIZATION][CLIENT][INFO] Removing Green Concrete from ore dictionary entry blockConcrete
[INITIALIZATION][CLIENT][INFO] Removing Brown Concrete from ore dictionary entry blockConcrete
[INITIALIZATION][CLIENT][INFO] Removing Blue Concrete from ore dictionary entry blockConcrete
[INITIALIZATION][CLIENT][INFO] Removing Purple Concrete from ore dictionary entry blockConcrete
[INITIALIZATION][CLIENT][INFO] Removing Cyan Concrete from ore dictionary entry blockConcrete
[INITIALIZATION][CLIENT][INFO] Removing Light Gray Concrete from ore dictionary entry blockConcrete
[INITIALIZATION][CLIENT][INFO] Removing Gray Concrete from ore dictionary entry blockConcrete
[INITIALIZATION][CLIENT][INFO] Removing Pink Concrete from ore dictionary entry blockConcrete
[INITIALIZATION][CLIENT][INFO] Removing Lime Concrete from ore dictionary entry blockConcrete
[INITIALIZATION][CLIENT][INFO] Removing Yellow Concrete from ore dictionary entry blockConcrete
[INITIALIZATION][CLIENT][INFO] Removing Light Blue Concrete from ore dictionary entry blockConcrete
[INITIALIZATION][CLIENT][INFO] Removing Magenta Concrete from ore dictionary entry blockConcrete
[INITIALIZATION][CLIENT][INFO] Removing Orange Concrete from ore dictionary entry blockConcrete
[INITIALIZATION][CLIENT][INFO] Removing White Concrete from ore dictionary entry blockConcrete
[INITIALIZATION][CLIENT][INFO] Removing Black Concrete from ore dictionary entry blockConcrete
[INITIALIZATION][CLIENT][INFO] Removing Red Concrete from ore dictionary entry blockConcrete
[INITIALIZATION][CLIENT][INFO] Removing Green Concrete from ore dictionary entry blockConcrete
[INITIALIZATION][CLIENT][INFO] Removing Brown Concrete from ore dictionary entry blockConcrete
[INITIALIZATION][CLIENT][INFO] Removing Blue Concrete from ore dictionary entry blockConcrete
[INITIALIZATION][CLIENT][INFO] Removing Purple Concrete from ore dictionary entry blockConcrete
[INITIALIZATION][CLIENT][INFO] Removing Cyan Concrete from ore dictionary entry blockConcrete
[INITIALIZATION][CLIENT][INFO] Removing Light Gray Concrete from ore dictionary entry blockConcrete
[INITIALIZATION][CLIENT][INFO] Removing Gray Concrete from ore dictionary entry blockConcrete
[INITIALIZATION][CLIENT][INFO] Removing Pink Concrete from ore dictionary entry blockConcrete
[INITIALIZATION][CLIENT][INFO] Removing Lime Concrete from ore dictionary entry blockConcrete
[INITIALIZATION][CLIENT][INFO] Removing Yellow Concrete from ore dictionary entry blockConcrete
[INITIALIZATION][CLIENT][INFO] Removing Light Blue Concrete from ore dictionary entry blockConcrete
[INITIALIZATION][CLIENT][INFO] Removing Magenta Concrete from ore dictionary entry blockConcrete
[INITIALIZATION][CLIENT][INFO] Removing Orange Concrete from ore dictionary entry blockConcrete
[INITIALIZATION][CLIENT][INFO] Removing White Concrete from ore dictionary entry blockConcrete
[INITIALIZATION][CLIENT][INFO] Removing Black Concrete from ore dictionary entry blockConcrete
[INITIALIZATION][CLIENT][INFO] Removing Red Concrete from ore dictionary entry blockConcrete
[INITIALIZATION][CLIENT][INFO] Removing Green Concrete from ore dictionary entry blockConcrete
[INITIALIZATION][CLIENT][INFO] Removing Brown Concrete from ore dictionary entry blockConcrete
[INITIALIZATION][CLIENT][INFO] Removing Blue Concrete from ore dictionary entry blockConcrete
[INITIALIZATION][CLIENT][INFO] Removing Purple Concrete from ore dictionary entry blockConcrete
[INITIALIZATION][CLIENT][INFO] Removing Cyan Concrete from ore dictionary entry blockConcrete
[INITIALIZATION][CLIENT][INFO] Removing Light Gray Concrete from ore dictionary entry blockConcrete
[INITIALIZATION][CLIENT][INFO] Removing Gray Concrete from ore dictionary entry blockConcrete
[INITIALIZATION][CLIENT][INFO] Removing Pink Concrete from ore dictionary entry blockConcrete
[INITIALIZATION][CLIENT][INFO] Removing Lime Concrete from ore dictionary entry blockConcrete
[INITIALIZATION][CLIENT][INFO] Removing Yellow Concrete from ore dictionary entry blockConcrete
[INITIALIZATION][CLIENT][INFO] Removing Light Blue Concrete from ore dictionary entry blockConcrete
[INITIALIZATION][CLIENT][INFO] Removing Magenta Concrete from ore dictionary entry blockConcrete
[INITIALIZATION][CLIENT][INFO] Removing Orange Concrete from ore dictionary entry blockConcrete
[INITIALIZATION][CLIENT][INFO] Removing White Concrete from ore dictionary entry blockConcrete
[INITIALIZATION][CLIENT][INFO] Removing Black Concrete from ore dictionary entry blockConcrete
[INITIALIZATION][CLIENT][INFO] Removing Red Concrete from ore dictionary entry blockConcrete
[INITIALIZATION][CLIENT][INFO] Removing Green Concrete from ore dictionary entry blockConcrete
[INITIALIZATION][CLIENT][INFO] Removing Brown Concrete from ore dictionary entry blockConcrete
[INITIALIZATION][CLIENT][INFO] Removing Blue Concrete from ore dictionary entry blockConcrete
[INITIALIZATION][CLIENT][INFO] Removing Purple Concrete from ore dictionary entry blockConcrete
[INITIALIZATION][CLIENT][INFO] Removing Cyan Concrete from ore dictionary entry blockConcrete
[INITIALIZATION][CLIENT][INFO] Removing Light Gray Concrete from ore dictionary entry blockConcrete
[INITIALIZATION][CLIENT][INFO] Removing Gray Concrete from ore dictionary entry blockConcrete
[INITIALIZATION][CLIENT][INFO] Removing Pink Concrete from ore dictionary entry blockConcrete
[INITIALIZATION][CLIENT][INFO] Removing Lime Concrete from ore dictionary entry blockConcrete
[INITIALIZATION][CLIENT][INFO] Removing Yellow Concrete from ore dictionary entry blockConcrete
[INITIALIZATION][CLIENT][INFO] Removing Light Blue Concrete from ore dictionary entry blockConcrete
[INITIALIZATION][CLIENT][INFO] Removing Magenta Concrete from ore dictionary entry blockConcrete
[INITIALIZATION][CLIENT][INFO] Removing Orange Concrete from ore dictionary entry blockConcrete
[INITIALIZATION][CLIENT][INFO] Removing White Concrete from ore dictionary entry blockConcrete
[INITIALIZATION][CLIENT][INFO] Removing Black Concrete from ore dictionary entry blockConcrete
[INITIALIZATION][CLIENT][INFO] Removing Red Concrete from ore dictionary entry blockConcrete
[INITIALIZATION][CLIENT][INFO] Removing Green Concrete from ore dictionary entry blockConcrete
[INITIALIZATION][CLIENT][INFO] Removing Brown Concrete from ore dictionary entry blockConcrete
[INITIALIZATION][CLIENT][INFO] Removing Blue Concrete from ore dictionary entry blockConcrete
[INITIALIZATION][CLIENT][INFO] Removing Purple Concrete from ore dictionary entry blockConcrete
[INITIALIZATION][CLIENT][INFO] Removing Cyan Concrete from ore dictionary entry blockConcrete
[INITIALIZATION][CLIENT][INFO] Removing Light Gray Concrete from ore dictionary entry blockConcrete
[INITIALIZATION][CLIENT][INFO] Removing Gray Concrete from ore dictionary entry blockConcrete
[INITIALIZATION][CLIENT][INFO] Removing Pink Concrete from ore dictionary entry blockConcrete
[INITIALIZATION][CLIENT][INFO] Removing Lime Concrete from ore dictionary entry blockConcrete
[INITIALIZATION][CLIENT][INFO] Removing Yellow Concrete from ore dictionary entry blockConcrete
[INITIALIZATION][CLIENT][INFO] Removing Light Blue Concrete from ore dictionary entry blockConcrete
[INITIALIZATION][CLIENT][INFO] Removing Magenta Concrete from ore dictionary entry blockConcrete
[INITIALIZATION][CLIENT][INFO] Removing Orange Concrete from ore dictionary entry blockConcrete
[INITIALIZATION][CLIENT][INFO] Removing White Concrete from ore dictionary entry blockConcrete
[INITIALIZATION][CLIENT][INFO] Removing Black Concrete from ore dictionary entry blockConcrete
[INITIALIZATION][CLIENT][INFO] Removing Red Concrete from ore dictionary entry blockConcrete
[INITIALIZATION][CLIENT][INFO] Removing Green Concrete from ore dictionary entry blockConcrete
[INITIALIZATION][CLIENT][INFO] Removing Brown Concrete from ore dictionary entry blockConcrete
[INITIALIZATION][CLIENT][INFO] Removing Blue Concrete from ore dictionary entry blockConcrete
[INITIALIZATION][CLIENT][INFO] Removing Purple Concrete from ore dictionary entry blockConcrete
[INITIALIZATION][CLIENT][INFO] Removing Cyan Concrete from ore dictionary entry blockConcrete
[INITIALIZATION][CLIENT][INFO] Removing Light Gray Concrete from ore dictionary entry blockConcrete
[INITIALIZATION][CLIENT][INFO] Removing Gray Concrete from ore dictionary entry blockConcrete
[INITIALIZATION][CLIENT][INFO] Removing Pink Concrete from ore dictionary entry blockConcrete
[INITIALIZATION][CLIENT][INFO] Removing Lime Concrete from ore dictionary entry blockConcrete
[INITIALIZATION][CLIENT][INFO] Removing Yellow Concrete from ore dictionary entry blockConcrete
[INITIALIZATION][CLIENT][INFO] Removing Light Blue Concrete from ore dictionary entry blockConcrete
[INITIALIZATION][CLIENT][INFO] Removing Magenta Concrete from ore dictionary entry blockConcrete
[INITIALIZATION][CLIENT][INFO] Removing Orange Concrete from ore dictionary entry blockConcrete
[INITIALIZATION][CLIENT][INFO] Removing White Concrete from ore dictionary entry blockConcrete
[INITIALIZATION][CLIENT][INFO] Removing Black Concrete from ore dictionary entry blockConcrete
[INITIALIZATION][CLIENT][INFO] Removing Red Concrete from ore dictionary entry blockConcrete
[INITIALIZATION][CLIENT][INFO] Removing Green Concrete from ore dictionary entry blockConcrete
[INITIALIZATION][CLIENT][INFO] Removing Brown Concrete from ore dictionary entry blockConcrete
[INITIALIZATION][CLIENT][INFO] Removing Blue Concrete from ore dictionary entry blockConcrete
[INITIALIZATION][CLIENT][INFO] Removing Purple Concrete from ore dictionary entry blockConcrete
[INITIALIZATION][CLIENT][INFO] Removing Cyan Concrete from ore dictionary entry blockConcrete
[INITIALIZATION][CLIENT][INFO] Removing Light Gray Concrete from ore dictionary entry blockConcrete
[INITIALIZATION][CLIENT][INFO] Removing Gray Concrete from ore dictionary entry blockConcrete
[INITIALIZATION][CLIENT][INFO] Removing Pink Concrete from ore dictionary entry blockConcrete
[INITIALIZATION][CLIENT][INFO] Removing Lime Concrete from ore dictionary entry blockConcrete
[INITIALIZATION][CLIENT][INFO] Removing Yellow Concrete from ore dictionary entry blockConcrete
[INITIALIZATION][CLIENT][INFO] Removing Light Blue Concrete from ore dictionary entry blockConcrete
[INITIALIZATION][CLIENT][INFO] Removing Magenta Concrete from ore dictionary entry blockConcrete
[INITIALIZATION][CLIENT][INFO] Removing Orange Concrete from ore dictionary entry blockConcrete
[INITIALIZATION][CLIENT][INFO] Removing White Concrete from ore dictionary entry blockConcrete
[INITIALIZATION][CLIENT][INFO] Removing Black Concrete from ore dictionary entry blockConcrete
[INITIALIZATION][CLIENT][INFO] Removing Red Concrete from ore dictionary entry blockConcrete
[INITIALIZATION][CLIENT][INFO] Removing Green Concrete from ore dictionary entry blockConcrete
[INITIALIZATION][CLIENT][INFO] Removing Brown Concrete from ore dictionary entry blockConcrete
[INITIALIZATION][CLIENT][INFO] Removing Blue Concrete from ore dictionary entry blockConcrete
[INITIALIZATION][CLIENT][INFO] Removing Purple Concrete from ore dictionary entry blockConcrete
[INITIALIZATION][CLIENT][INFO] Removing Cyan Concrete from ore dictionary entry blockConcrete
[INITIALIZATION][CLIENT][INFO] Removing Light Gray Concrete from ore dictionary entry blockConcrete
[INITIALIZATION][CLIENT][INFO] Removing Gray Concrete from ore dictionary entry blockConcrete
[INITIALIZATION][CLIENT][INFO] Removing Pink Concrete from ore dictionary entry blockConcrete
[INITIALIZATION][CLIENT][INFO] Removing Lime Concrete from ore dictionary entry blockConcrete
[INITIALIZATION][CLIENT][INFO] Removing Yellow Concrete from ore dictionary entry blockConcrete
[INITIALIZATION][CLIENT][INFO] Removing Light Blue Concrete from ore dictionary entry blockConcrete
[INITIALIZATION][CLIENT][INFO] Removing Magenta Concrete from ore dictionary entry blockConcrete
[INITIALIZATION][CLIENT][INFO] Removing Orange Concrete from ore dictionary entry blockConcrete
[INITIALIZATION][CLIENT][INFO] Removing White Concrete from ore dictionary entry blockConcrete
[INITIALIZATION][CLIENT][INFO] Removing Black Concrete from ore dictionary entry blockConcrete
[INITIALIZATION][CLIENT][INFO] Removing Red Concrete from ore dictionary entry blockConcrete
[INITIALIZATION][CLIENT][INFO] Removing Green Concrete from ore dictionary entry blockConcrete
[INITIALIZATION][CLIENT][INFO] Removing Brown Concrete from ore dictionary entry blockConcrete
[INITIALIZATION][CLIENT][INFO] Removing Blue Concrete from ore dictionary entry blockConcrete
[INITIALIZATION][CLIENT][INFO] Removing Purple Concrete from ore dictionary entry blockConcrete
[INITIALIZATION][CLIENT][INFO] Removing Cyan Concrete from ore dictionary entry blockConcrete
[INITIALIZATION][CLIENT][INFO] Removing Light Gray Concrete from ore dictionary entry blockConcrete
[INITIALIZATION][CLIENT][INFO] Removing Gray Concrete from ore dictionary entry blockConcrete
[INITIALIZATION][CLIENT][INFO] Removing Pink Concrete from ore dictionary entry blockConcrete
[INITIALIZATION][CLIENT][INFO] Removing Lime Concrete from ore dictionary entry blockConcrete
[INITIALIZATION][CLIENT][INFO] Removing Yellow Concrete from ore dictionary entry blockConcrete
[INITIALIZATION][CLIENT][INFO] Removing Light Blue Concrete from ore dictionary entry blockConcrete
[INITIALIZATION][CLIENT][INFO] Removing Magenta Concrete from ore dictionary entry blockConcrete
[INITIALIZATION][CLIENT][INFO] Removing Orange Concrete from ore dictionary entry blockConcrete
[INITIALIZATION][CLIENT][INFO] Removing White Concrete from ore dictionary entry blockConcrete
[INITIALIZATION][CLIENT][INFO] Removing Black Concrete from ore dictionary entry blockConcrete
[INITIALIZATION][CLIENT][INFO] Removing Red Concrete from ore dictionary entry blockConcrete
[INITIALIZATION][CLIENT][INFO] Removing Green Concrete from ore dictionary entry blockConcrete
[INITIALIZATION][CLIENT][INFO] Removing Brown Concrete from ore dictionary entry blockConcrete
[INITIALIZATION][CLIENT][INFO] Removing Blue Concrete from ore dictionary entry blockConcrete
[INITIALIZATION][CLIENT][INFO] Removing Purple Concrete from ore dictionary entry blockConcrete
[INITIALIZATION][CLIENT][INFO] Removing Cyan Concrete from ore dictionary entry blockConcrete
[INITIALIZATION][CLIENT][INFO] Removing Light Gray Concrete from ore dictionary entry blockConcrete
[INITIALIZATION][CLIENT][INFO] Removing Gray Concrete from ore dictionary entry blockConcrete
[INITIALIZATION][CLIENT][INFO] Removing Pink Concrete from ore dictionary entry blockConcrete
[INITIALIZATION][CLIENT][INFO] Removing Lime Concrete from ore dictionary entry blockConcrete
[INITIALIZATION][CLIENT][INFO] Removing Yellow Concrete from ore dictionary entry blockConcrete
[INITIALIZATION][CLIENT][INFO] Removing Light Blue Concrete from ore dictionary entry blockConcrete
[INITIALIZATION][CLIENT][INFO] Removing Magenta Concrete from ore dictionary entry blockConcrete
[INITIALIZATION][CLIENT][INFO] Removing Orange Concrete from ore dictionary entry blockConcrete
[INITIALIZATION][CLIENT][INFO] Removing White Concrete from ore dictionary entry blockConcrete
[INITIALIZATION][CLIENT][INFO] Removing Black Concrete from ore dictionary entry blockConcrete
[INITIALIZATION][CLIENT][INFO] Removing Red Concrete from ore dictionary entry blockConcrete
[INITIALIZATION][CLIENT][INFO] Removing Green Concrete from ore dictionary entry blockConcrete
[INITIALIZATION][CLIENT][INFO] Removing Brown Concrete from ore dictionary entry blockConcrete
[INITIALIZATION][CLIENT][INFO] Removing Blue Concrete from ore dictionary entry blockConcrete
[INITIALIZATION][CLIENT][INFO] Removing Purple Concrete from ore dictionary entry blockConcrete
[INITIALIZATION][CLIENT][INFO] Removing Cyan Concrete from ore dictionary entry blockConcrete
[INITIALIZATION][CLIENT][INFO] Removing Light Gray Concrete from ore dictionary entry blockConcrete
[INITIALIZATION][CLIENT][INFO] Removing Gray Concrete from ore dictionary entry blockConcrete
[INITIALIZATION][CLIENT][INFO] Removing Pink Concrete from ore dictionary entry blockConcrete
[INITIALIZATION][CLIENT][INFO] Removing Lime Concrete from ore dictionary entry blockConcrete
[INITIALIZATION][CLIENT][INFO] Removing Yellow Concrete from ore dictionary entry blockConcrete
[INITIALIZATION][CLIENT][INFO] Removing Light Blue Concrete from ore dictionary entry blockConcrete
[INITIALIZATION][CLIENT][INFO] Removing Magenta Concrete from ore dictionary entry blockConcrete
[INITIALIZATION][CLIENT][INFO] Removing Orange Concrete from ore dictionary entry blockConcrete
[INITIALIZATION][CLIENT][INFO] Removing White Concrete from ore dictionary entry blockConcrete
[INITIALIZATION][CLIENT][INFO] Removing Black Concrete from ore dictionary entry blockConcrete
[INITIALIZATION][CLIENT][INFO] Removing Red Concrete from ore dictionary entry blockConcrete
[INITIALIZATION][CLIENT][INFO] Removing Green Concrete from ore dictionary entry blockConcrete
[INITIALIZATION][CLIENT][INFO] Removing Brown Concrete from ore dictionary entry blockConcrete
[INITIALIZATION][CLIENT][INFO] Removing Blue Concrete from ore dictionary entry blockConcrete
[INITIALIZATION][CLIENT][INFO] Removing Purple Concrete from ore dictionary entry blockConcrete
[INITIALIZATION][CLIENT][INFO] Removing Cyan Concrete from ore dictionary entry blockConcrete
[INITIALIZATION][CLIENT][INFO] Removing Light Gray Concrete from ore dictionary entry blockConcrete
[INITIALIZATION][CLIENT][INFO] Removing Gray Concrete from ore dictionary entry blockConcrete
[INITIALIZATION][CLIENT][INFO] Removing Pink Concrete from ore dictionary entry blockConcrete
[INITIALIZATION][CLIENT][INFO] Removing Lime Concrete from ore dictionary entry blockConcrete
[INITIALIZATION][CLIENT][INFO] Removing Yellow Concrete from ore dictionary entry blockConcrete
[INITIALIZATION][CLIENT][INFO] Removing Light Blue Concrete from ore dictionary entry blockConcrete
[INITIALIZATION][CLIENT][INFO] Removing Magenta Concrete from ore dictionary entry blockConcrete
[INITIALIZATION][CLIENT][INFO] Removing Orange Concrete from ore dictionary entry blockConcrete
[INITIALIZATION][CLIENT][INFO] Removing White Concrete from ore dictionary entry blockConcrete
[INITIALIZATION][CLIENT][INFO] Removing Black Concrete from ore dictionary entry blockConcrete
[INITIALIZATION][CLIENT][INFO] Removing Red Concrete from ore dictionary entry blockConcrete
[INITIALIZATION][CLIENT][INFO] Removing Green Concrete from ore dictionary entry blockConcrete
[INITIALIZATION][CLIENT][INFO] Removing Brown Concrete from ore dictionary entry blockConcrete
[INITIALIZATION][CLIENT][INFO] Removing Blue Concrete from ore dictionary entry blockConcrete
[INITIALIZATION][CLIENT][INFO] Removing Purple Concrete from ore dictionary entry blockConcrete
[INITIALIZATION][CLIENT][INFO] Removing Cyan Concrete from ore dictionary entry blockConcrete
[INITIALIZATION][CLIENT][INFO] Removing Light Gray Concrete from ore dictionary entry blockConcrete
[INITIALIZATION][CLIENT][INFO] Removing Gray Concrete from ore dictionary entry blockConcrete
[INITIALIZATION][CLIENT][INFO] Removing Pink Concrete from ore dictionary entry blockConcrete
[INITIALIZATION][CLIENT][INFO] Removing Lime Concrete from ore dictionary entry blockConcrete
[INITIALIZATION][CLIENT][INFO] Removing Yellow Concrete from ore dictionary entry blockConcrete
[INITIALIZATION][CLIENT][INFO] Removing Light Blue Concrete from ore dictionary entry blockConcrete
[INITIALIZATION][CLIENT][INFO] Removing Magenta Concrete from ore dictionary entry blockConcrete
[INITIALIZATION][CLIENT][INFO] Removing Orange Concrete from ore dictionary entry blockConcrete
[INITIALIZATION][CLIENT][INFO] Removing White Concrete from ore dictionary entry blockConcrete
[INITIALIZATION][CLIENT][INFO] Removing Black Concrete from ore dictionary entry blockConcrete
[INITIALIZATION][CLIENT][INFO] Removing Red Concrete from ore dictionary entry blockConcrete
[INITIALIZATION][CLIENT][INFO] Removing Green Concrete from ore dictionary entry blockConcrete
[INITIALIZATION][CLIENT][INFO] Removing Brown Concrete from ore dictionary entry blockConcrete
[INITIALIZATION][CLIENT][INFO] Removing Blue Concrete from ore dictionary entry blockConcrete
[INITIALIZATION][CLIENT][INFO] Removing Purple Concrete from ore dictionary entry blockConcrete
[INITIALIZATION][CLIENT][INFO] Removing Cyan Concrete from ore dictionary entry blockConcrete
[INITIALIZATION][CLIENT][INFO] Removing Light Gray Concrete from ore dictionary entry blockConcrete
[INITIALIZATION][CLIENT][INFO] Removing Gray Concrete from ore dictionary entry blockConcrete
[INITIALIZATION][CLIENT][INFO] Removing Pink Concrete from ore dictionary entry blockConcrete
[INITIALIZATION][CLIENT][INFO] Removing Lime Concrete from ore dictionary entry blockConcrete
[INITIALIZATION][CLIENT][INFO] Removing Yellow Concrete from ore dictionary entry blockConcrete
[INITIALIZATION][CLIENT][INFO] Removing Light Blue Concrete from ore dictionary entry blockConcrete
[INITIALIZATION][CLIENT][INFO] Removing Magenta Concrete from ore dictionary entry blockConcrete
[INITIALIZATION][CLIENT][INFO] Removing Orange Concrete from ore dictionary entry blockConcrete
[INITIALIZATION][CLIENT][INFO] Removing White Concrete from ore dictionary entry blockConcrete
[INITIALIZATION][CLIENT][INFO] Removing Black Concrete from ore dictionary entry blockConcrete
[INITIALIZATION][CLIENT][INFO] Removing Red Concrete from ore dictionary entry blockConcrete
[INITIALIZATION][CLIENT][INFO] Removing Green Concrete from ore dictionary entry blockConcrete
[INITIALIZATION][CLIENT][INFO] Removing Brown Concrete from ore dictionary entry blockConcrete
[INITIALIZATION][CLIENT][INFO] Removing Blue Concrete from ore dictionary entry blockConcrete
[INITIALIZATION][CLIENT][INFO] Removing Purple Concrete from ore dictionary entry blockConcrete
[INITIALIZATION][CLIENT][INFO] Removing Cyan Concrete from ore dictionary entry blockConcrete
[INITIALIZATION][CLIENT][INFO] Removing Light Gray Concrete from ore dictionary entry blockConcrete
[INITIALIZATION][CLIENT][INFO] Removing Gray Concrete from ore dictionary entry blockConcrete
[INITIALIZATION][CLIENT][INFO] Removing Pink Concrete from ore dictionary entry blockConcrete
[INITIALIZATION][CLIENT][INFO] Removing Lime Concrete from ore dictionary entry blockConcrete
[INITIALIZATION][CLIENT][INFO] Removing Yellow Concrete from ore dictionary entry blockConcrete
[INITIALIZATION][CLIENT][INFO] Removing Light Blue Concrete from ore dictionary entry blockConcrete
[INITIALIZATION][CLIENT][INFO] Removing Magenta Concrete from ore dictionary entry blockConcrete
[INITIALIZATION][CLIENT][INFO] Removing Orange Concrete from ore dictionary entry blockConcrete
[INITIALIZATION][CLIENT][INFO] Removing White Concrete from ore dictionary entry blockConcrete
[INITIALIZATION][CLIENT][INFO] Removing Black Concrete from ore dictionary entry blockConcrete
[INITIALIZATION][CLIENT][INFO] Removing Red Concrete from ore dictionary entry blockConcrete
[INITIALIZATION][CLIENT][INFO] Removing Green Concrete from ore dictionary entry blockConcrete
[INITIALIZATION][CLIENT][INFO] Removing Brown Concrete from ore dictionary entry blockConcrete
[INITIALIZATION][CLIENT][INFO] Removing Blue Concrete from ore dictionary entry blockConcrete
[INITIALIZATION][CLIENT][INFO] Removing Purple Concrete from ore dictionary entry blockConcrete
[INITIALIZATION][CLIENT][INFO] Removing Cyan Concrete from ore dictionary entry blockConcrete
[INITIALIZATION][CLIENT][INFO] Removing Light Gray Concrete from ore dictionary entry blockConcrete
[INITIALIZATION][CLIENT][INFO] Removing Gray Concrete from ore dictionary entry blockConcrete
[INITIALIZATION][CLIENT][INFO] Removing Pink Concrete from ore dictionary entry blockConcrete
[INITIALIZATION][CLIENT][INFO] Removing Lime Concrete from ore dictionary entry blockConcrete
[INITIALIZATION][CLIENT][INFO] Removing Yellow Concrete from ore dictionary entry blockConcrete
[INITIALIZATION][CLIENT][INFO] Removing Light Blue Concrete from ore dictionary entry blockConcrete
[INITIALIZATION][CLIENT][INFO] Removing Magenta Concrete from ore dictionary entry blockConcrete
[INITIALIZATION][CLIENT][INFO] Removing Orange Concrete from ore dictionary entry blockConcrete
[INITIALIZATION][CLIENT][INFO] Removing White Concrete from ore dictionary entry blockConcrete
[INITIALIZATION][CLIENT][INFO] Removing Black Concrete from ore dictionary entry blockConcrete
[INITIALIZATION][CLIENT][INFO] Removing Red Concrete from ore dictionary entry blockConcrete
[INITIALIZATION][CLIENT][INFO] Removing Green Concrete from ore dictionary entry blockConcrete
[INITIALIZATION][CLIENT][INFO] Removing Brown Concrete from ore dictionary entry blockConcrete
[INITIALIZATION][CLIENT][INFO] Removing Blue Concrete from ore dictionary entry blockConcrete
[INITIALIZATION][CLIENT][INFO] Removing Purple Concrete from ore dictionary entry blockConcrete
[INITIALIZATION][CLIENT][INFO] Removing Cyan Concrete from ore dictionary entry blockConcrete
[INITIALIZATION][CLIENT][INFO] Removing Light Gray Concrete from ore dictionary entry blockConcrete
[INITIALIZATION][CLIENT][INFO] Removing Gray Concrete from ore dictionary entry blockConcrete
[INITIALIZATION][CLIENT][INFO] Removing Pink Concrete from ore dictionary entry blockConcrete
[INITIALIZATION][CLIENT][INFO] Removing Lime Concrete from ore dictionary entry blockConcrete
[INITIALIZATION][CLIENT][INFO] Removing Yellow Concrete from ore dictionary entry blockConcrete
[INITIALIZATION][CLIENT][INFO] Removing Light Blue Concrete from ore dictionary entry blockConcrete
[INITIALIZATION][CLIENT][INFO] Removing Magenta Concrete from ore dictionary entry blockConcrete
[INITIALIZATION][CLIENT][INFO] Removing Orange Concrete from ore dictionary entry blockConcrete
[INITIALIZATION][CLIENT][INFO] Removing White Concrete from ore dictionary entry blockConcrete
[INITIALIZATION][CLIENT][INFO] Removing Black Concrete from ore dictionary entry blockConcrete
[INITIALIZATION][CLIENT][INFO] Removing Red Concrete from ore dictionary entry blockConcrete
[INITIALIZATION][CLIENT][INFO] Removing Green Concrete from ore dictionary entry blockConcrete
[INITIALIZATION][CLIENT][INFO] Removing Brown Concrete from ore dictionary entry blockConcrete
[INITIALIZATION][CLIENT][INFO] Removing Blue Concrete from ore dictionary entry blockConcrete
[INITIALIZATION][CLIENT][INFO] Removing Purple Concrete from ore dictionary entry blockConcrete
[INITIALIZATION][CLIENT][INFO] Removing Cyan Concrete from ore dictionary entry blockConcrete
[INITIALIZATION][CLIENT][INFO] Removing Light Gray Concrete from ore dictionary entry blockConcrete
[INITIALIZATION][CLIENT][INFO] Removing Gray Concrete from ore dictionary entry blockConcrete
[INITIALIZATION][CLIENT][INFO] Removing Pink Concrete from ore dictionary entry blockConcrete
[INITIALIZATION][CLIENT][INFO] Removing Lime Concrete from ore dictionary entry blockConcrete
[INITIALIZATION][CLIENT][INFO] Removing Yellow Concrete from ore dictionary entry blockConcrete
[INITIALIZATION][CLIENT][INFO] Removing Light Blue Concrete from ore dictionary entry blockConcrete
[INITIALIZATION][CLIENT][INFO] Removing Magenta Concrete from ore dictionary entry blockConcrete
[INITIALIZATION][CLIENT][INFO] Removing Orange Concrete from ore dictionary entry blockConcrete
[INITIALIZATION][CLIENT][INFO] Removing White Concrete from ore dictionary entry blockConcrete
[INITIALIZATION][CLIENT][INFO] Removing Black Concrete from ore dictionary entry blockConcrete
[INITIALIZATION][CLIENT][INFO] Removing Red Concrete from ore dictionary entry blockConcrete
[INITIALIZATION][CLIENT][INFO] Removing Green Concrete from ore dictionary entry blockConcrete
[INITIALIZATION][CLIENT][INFO] Removing Brown Concrete from ore dictionary entry blockConcrete
[INITIALIZATION][CLIENT][INFO] Removing Blue Concrete from ore dictionary entry blockConcrete
[INITIALIZATION][CLIENT][INFO] Removing Purple Concrete from ore dictionary entry blockConcrete
[INITIALIZATION][CLIENT][INFO] Removing Cyan Concrete from ore dictionary entry blockConcrete
[INITIALIZATION][CLIENT][INFO] Removing Light Gray Concrete from ore dictionary entry blockConcrete
[INITIALIZATION][CLIENT][INFO] Removing Gray Concrete from ore dictionary entry blockConcrete
[INITIALIZATION][CLIENT][INFO] Removing Pink Concrete from ore dictionary entry blockConcrete
[INITIALIZATION][CLIENT][INFO] Removing Lime Concrete from ore dictionary entry blockConcrete
[INITIALIZATION][CLIENT][INFO] Removing Yellow Concrete from ore dictionary entry blockConcrete
[INITIALIZATION][CLIENT][INFO] Removing Light Blue Concrete from ore dictionary entry blockConcrete
[INITIALIZATION][CLIENT][INFO] Removing Magenta Concrete from ore dictionary entry blockConcrete
[INITIALIZATION][CLIENT][INFO] Removing Orange Concrete from ore dictionary entry blockConcrete
[INITIALIZATION][CLIENT][INFO] Removing White Concrete from ore dictionary entry blockConcrete
[INITIALIZATION][CLIENT][INFO] Removing Black Concrete from ore dictionary entry blockConcrete
[INITIALIZATION][CLIENT][INFO] Removing Red Concrete from ore dictionary entry blockConcrete
[INITIALIZATION][CLIENT][INFO] Removing Green Concrete from ore dictionary entry blockConcrete
[INITIALIZATION][CLIENT][INFO] Removing Brown Concrete from ore dictionary entry blockConcrete
[INITIALIZATION][CLIENT][INFO] Removing Blue Concrete from ore dictionary entry blockConcrete
[INITIALIZATION][CLIENT][INFO] Removing Purple Concrete from ore dictionary entry blockConcrete
[INITIALIZATION][CLIENT][INFO] Removing Cyan Concrete from ore dictionary entry blockConcrete
[INITIALIZATION][CLIENT][INFO] Removing Light Gray Concrete from ore dictionary entry blockConcrete
[INITIALIZATION][CLIENT][INFO] Removing Gray Concrete from ore dictionary entry blockConcrete
[INITIALIZATION][CLIENT][INFO] Removing Pink Concrete from ore dictionary entry blockConcrete
[INITIALIZATION][CLIENT][INFO] Removing Lime Concrete from ore dictionary entry blockConcrete
[INITIALIZATION][CLIENT][INFO] Removing Yellow Concrete from ore dictionary entry blockConcrete
[INITIALIZATION][CLIENT][INFO] Removing Light Blue Concrete from ore dictionary entry blockConcrete
[INITIALIZATION][CLIENT][INFO] Removing Magenta Concrete from ore dictionary entry blockConcrete
[INITIALIZATION][CLIENT][INFO] Removing Orange Concrete from ore dictionary entry blockConcrete
[INITIALIZATION][CLIENT][INFO] Removing White Concrete from ore dictionary entry blockConcrete
[INITIALIZATION][CLIENT][INFO] Removing Black Concrete from ore dictionary entry blockConcrete
[INITIALIZATION][CLIENT][INFO] Removing Red Concrete from ore dictionary entry blockConcrete
[INITIALIZATION][CLIENT][INFO] Removing Green Concrete from ore dictionary entry blockConcrete
[INITIALIZATION][CLIENT][INFO] Removing Brown Concrete from ore dictionary entry blockConcrete
[INITIALIZATION][CLIENT][INFO] Removing Blue Concrete from ore dictionary entry blockConcrete
[INITIALIZATION][CLIENT][INFO] Removing Purple Concrete from ore dictionary entry blockConcrete
[INITIALIZATION][CLIENT][INFO] Removing Cyan Concrete from ore dictionary entry blockConcrete
[INITIALIZATION][CLIENT][INFO] Removing Light Gray Concrete from ore dictionary entry blockConcrete
[INITIALIZATION][CLIENT][INFO] Removing Gray Concrete from ore dictionary entry blockConcrete
[INITIALIZATION][CLIENT][INFO] Removing Pink Concrete from ore dictionary entry blockConcrete
[INITIALIZATION][CLIENT][INFO] Removing Lime Concrete from ore dictionary entry blockConcrete
[INITIALIZATION][CLIENT][INFO] Removing Yellow Concrete from ore dictionary entry blockConcrete
[INITIALIZATION][CLIENT][INFO] Removing Light Blue Concrete from ore dictionary entry blockConcrete
[INITIALIZATION][CLIENT][INFO] Removing Magenta Concrete from ore dictionary entry blockConcrete
[INITIALIZATION][CLIENT][INFO] Removing Orange Concrete from ore dictionary entry blockConcrete
[INITIALIZATION][CLIENT][INFO] Removing White Concrete from ore dictionary entry blockConcrete
[INITIALIZATION][CLIENT][INFO] Removing Black Concrete from ore dictionary entry blockConcrete
[INITIALIZATION][CLIENT][INFO] Removing Red Concrete from ore dictionary entry blockConcrete
[INITIALIZATION][CLIENT][INFO] Removing Green Concrete from ore dictionary entry blockConcrete
[INITIALIZATION][CLIENT][INFO] Removing Brown Concrete from ore dictionary entry blockConcrete
[INITIALIZATION][CLIENT][INFO] Removing Blue Concrete from ore dictionary entry blockConcrete
[INITIALIZATION][CLIENT][INFO] Removing Purple Concrete from ore dictionary entry blockConcrete
[INITIALIZATION][CLIENT][INFO] Removing Cyan Concrete from ore dictionary entry blockConcrete
[INITIALIZATION][CLIENT][INFO] Removing Light Gray Concrete from ore dictionary entry blockConcrete
[INITIALIZATION][CLIENT][INFO] Removing Gray Concrete from ore dictionary entry blockConcrete
[INITIALIZATION][CLIENT][INFO] Removing Pink Concrete from ore dictionary entry blockConcrete
[INITIALIZATION][CLIENT][INFO] Removing Lime Concrete from ore dictionary entry blockConcrete
[INITIALIZATION][CLIENT][INFO] Removing Yellow Concrete from ore dictionary entry blockConcrete
[INITIALIZATION][CLIENT][INFO] Removing Light Blue Concrete from ore dictionary entry blockConcrete
[INITIALIZATION][CLIENT][INFO] Removing Magenta Concrete from ore dictionary entry blockConcrete
[INITIALIZATION][CLIENT][INFO] Removing Orange Concrete from ore dictionary entry blockConcrete
[INITIALIZATION][CLIENT][INFO] Removing White Concrete from ore dictionary entry blockConcrete
[INITIALIZATION][CLIENT][INFO] Removing Black Concrete from ore dictionary entry blockConcrete
[INITIALIZATION][CLIENT][INFO] Removing Red Concrete from ore dictionary entry blockConcrete
[INITIALIZATION][CLIENT][INFO] Removing Green Concrete from ore dictionary entry blockConcrete
[INITIALIZATION][CLIENT][INFO] Removing Brown Concrete from ore dictionary entry blockConcrete
[INITIALIZATION][CLIENT][INFO] Removing Blue Concrete from ore dictionary entry blockConcrete
[INITIALIZATION][CLIENT][INFO] Removing Purple Concrete from ore dictionary entry blockConcrete
[INITIALIZATION][CLIENT][INFO] Removing Cyan Concrete from ore dictionary entry blockConcrete
[INITIALIZATION][CLIENT][INFO] Removing Light Gray Concrete from ore dictionary entry blockConcrete
[INITIALIZATION][CLIENT][INFO] Removing Gray Concrete from ore dictionary entry blockConcrete
[INITIALIZATION][CLIENT][INFO] Removing Pink Concrete from ore dictionary entry blockConcrete
[INITIALIZATION][CLIENT][INFO] Removing Lime Concrete from ore dictionary entry blockConcrete
[INITIALIZATION][CLIENT][INFO] Removing Yellow Concrete from ore dictionary entry blockConcrete
[INITIALIZATION][CLIENT][INFO] Removing Light Blue Concrete from ore dictionary entry blockConcrete
[INITIALIZATION][CLIENT][INFO] Removing Magenta Concrete from ore dictionary entry blockConcrete
[INITIALIZATION][CLIENT][INFO] Removing Orange Concrete from ore dictionary entry blockConcrete
[INITIALIZATION][CLIENT][INFO] Removing White Concrete from ore dictionary entry blockConcrete
[INITIALIZATION][CLIENT][INFO] Removing Black Concrete from ore dictionary entry blockConcrete
[INITIALIZATION][CLIENT][INFO] Removing Red Concrete from ore dictionary entry blockConcrete
[INITIALIZATION][CLIENT][INFO] Removing Green Concrete from ore dictionary entry blockConcrete
[INITIALIZATION][CLIENT][INFO] Removing Brown Concrete from ore dictionary entry blockConcrete
[INITIALIZATION][CLIENT][INFO] Removing Blue Concrete from ore dictionary entry blockConcrete
[INITIALIZATION][CLIENT][INFO] Removing Purple Concrete from ore dictionary entry blockConcrete
[INITIALIZATION][CLIENT][INFO] Removing Cyan Concrete from ore dictionary entry blockConcrete
[INITIALIZATION][CLIENT][INFO] Removing Light Gray Concrete from ore dictionary entry blockConcrete
[INITIALIZATION][CLIENT][INFO] Removing Gray Concrete from ore dictionary entry blockConcrete
[INITIALIZATION][CLIENT][INFO] Removing Pink Concrete from ore dictionary entry blockConcrete
[INITIALIZATION][CLIENT][INFO] Removing Lime Concrete from ore dictionary entry blockConcrete
[INITIALIZATION][CLIENT][INFO] Removing Yellow Concrete from ore dictionary entry blockConcrete
[INITIALIZATION][CLIENT][INFO] Removing Light Blue Concrete from ore dictionary entry blockConcrete
[INITIALIZATION][CLIENT][INFO] Removing Magenta Concrete from ore dictionary entry blockConcrete
[INITIALIZATION][CLIENT][INFO] Removing Orange Concrete from ore dictionary entry blockConcrete
[INITIALIZATION][CLIENT][INFO] Removing White Concrete from ore dictionary entry blockConcrete
[INITIALIZATION][CLIENT][INFO] Removing Black Concrete from ore dictionary entry blockConcrete
[INITIALIZATION][CLIENT][INFO] Removing Red Concrete from ore dictionary entry blockConcrete
[INITIALIZATION][CLIENT][INFO] Removing Green Concrete from ore dictionary entry blockConcrete
[INITIALIZATION][CLIENT][INFO] Removing Brown Concrete from ore dictionary entry blockConcrete
[INITIALIZATION][CLIENT][INFO] Removing Blue Concrete from ore dictionary entry blockConcrete
[INITIALIZATION][CLIENT][INFO] Removing Purple Concrete from ore dictionary entry blockConcrete
[INITIALIZATION][CLIENT][INFO] Removing Cyan Concrete from ore dictionary entry blockConcrete
[INITIALIZATION][CLIENT][INFO] Removing Light Gray Concrete from ore dictionary entry blockConcrete
[INITIALIZATION][CLIENT][INFO] Removing Gray Concrete from ore dictionary entry blockConcrete
[INITIALIZATION][CLIENT][INFO] Removing Pink Concrete from ore dictionary entry blockConcrete
[INITIALIZATION][CLIENT][INFO] Removing Lime Concrete from ore dictionary entry blockConcrete
[INITIALIZATION][CLIENT][INFO] Removing Yellow Concrete from ore dictionary entry blockConcrete
[INITIALIZATION][CLIENT][INFO] Removing Light Blue Concrete from ore dictionary entry blockConcrete
[INITIALIZATION][CLIENT][INFO] Removing Magenta Concrete from ore dictionary entry blockConcrete
[INITIALIZATION][CLIENT][INFO] Removing Orange Concrete from ore dictionary entry blockConcrete
[INITIALIZATION][CLIENT][INFO] Removing White Concrete from ore dictionary entry blockConcrete
[INITIALIZATION][CLIENT][INFO] Removing Black Concrete from ore dictionary entry blockConcrete
[INITIALIZATION][CLIENT][INFO] Removing Red Concrete from ore dictionary entry blockConcrete
[INITIALIZATION][CLIENT][INFO] Removing Green Concrete from ore dictionary entry blockConcrete
[INITIALIZATION][CLIENT][INFO] Removing Brown Concrete from ore dictionary entry blockConcrete
[INITIALIZATION][CLIENT][INFO] Removing Blue Concrete from ore dictionary entry blockConcrete
[INITIALIZATION][CLIENT][INFO] Removing Purple Concrete from ore dictionary entry blockConcrete
[INITIALIZATION][CLIENT][INFO] Removing Cyan Concrete from ore dictionary entry blockConcrete
[INITIALIZATION][CLIENT][INFO] Removing Light Gray Concrete from ore dictionary entry blockConcrete
[INITIALIZATION][CLIENT][INFO] Removing Gray Concrete from ore dictionary entry blockConcrete
[INITIALIZATION][CLIENT][INFO] Removing Pink Concrete from ore dictionary entry blockConcrete
[INITIALIZATION][CLIENT][INFO] Removing Lime Concrete from ore dictionary entry blockConcrete
[INITIALIZATION][CLIENT][INFO] Removing Yellow Concrete from ore dictionary entry blockConcrete
[INITIALIZATION][CLIENT][INFO] Removing Light Blue Concrete from ore dictionary entry blockConcrete
[INITIALIZATION][CLIENT][INFO] Removing Magenta Concrete from ore dictionary entry blockConcrete
[INITIALIZATION][CLIENT][INFO] Removing Orange Concrete from ore dictionary entry blockConcrete
[INITIALIZATION][CLIENT][INFO] Removing White Concrete from ore dictionary entry blockConcrete
[INITIALIZATION][CLIENT][INFO] Removing Black Concrete from ore dictionary entry blockConcrete
[INITIALIZATION][CLIENT][INFO] Removing Red Concrete from ore dictionary entry blockConcrete
[INITIALIZATION][CLIENT][INFO] Removing Green Concrete from ore dictionary entry blockConcrete
[INITIALIZATION][CLIENT][INFO] Removing Brown Concrete from ore dictionary entry blockConcrete
[INITIALIZATION][CLIENT][INFO] Removing Blue Concrete from ore dictionary entry blockConcrete
[INITIALIZATION][CLIENT][INFO] Removing Purple Concrete from ore dictionary entry blockConcrete
[INITIALIZATION][CLIENT][INFO] Removing Cyan Concrete from ore dictionary entry blockConcrete
[INITIALIZATION][CLIENT][INFO] Removing Light Gray Concrete from ore dictionary entry blockConcrete
[INITIALIZATION][CLIENT][INFO] Removing Gray Concrete from ore dictionary entry blockConcrete
[INITIALIZATION][CLIENT][INFO] Removing Pink Concrete from ore dictionary entry blockConcrete
[INITIALIZATION][CLIENT][INFO] Removing Lime Concrete from ore dictionary entry blockConcrete
[INITIALIZATION][CLIENT][INFO] Removing Yellow Concrete from ore dictionary entry blockConcrete
[INITIALIZATION][CLIENT][INFO] Removing Light Blue Concrete from ore dictionary entry blockConcrete
[INITIALIZATION][CLIENT][INFO] Removing Magenta Concrete from ore dictionary entry blockConcrete
[INITIALIZATION][CLIENT][INFO] Removing Orange Concrete from ore dictionary entry blockConcrete
[INITIALIZATION][CLIENT][INFO] Removing White Concrete from ore dictionary entry blockConcrete
[INITIALIZATION][CLIENT][INFO] Removing Black Concrete from ore dictionary entry blockConcrete
[INITIALIZATION][CLIENT][INFO] Removing Red Concrete from ore dictionary entry blockConcrete
[INITIALIZATION][CLIENT][INFO] Removing Green Concrete from ore dictionary entry blockConcrete
[INITIALIZATION][CLIENT][INFO] Removing Brown Concrete from ore dictionary entry blockConcrete
[INITIALIZATION][CLIENT][INFO] Removing Blue Concrete from ore dictionary entry blockConcrete
[INITIALIZATION][CLIENT][INFO] Removing Purple Concrete from ore dictionary entry blockConcrete
[INITIALIZATION][CLIENT][INFO] Removing Cyan Concrete from ore dictionary entry blockConcrete
[INITIALIZATION][CLIENT][INFO] Removing Light Gray Concrete from ore dictionary entry blockConcrete
[INITIALIZATION][CLIENT][INFO] Removing Gray Concrete from ore dictionary entry blockConcrete
[INITIALIZATION][CLIENT][INFO] Removing Pink Concrete from ore dictionary entry blockConcrete
[INITIALIZATION][CLIENT][INFO] Removing Lime Concrete from ore dictionary entry blockConcrete
[INITIALIZATION][CLIENT][INFO] Removing Yellow Concrete from ore dictionary entry blockConcrete
[INITIALIZATION][CLIENT][INFO] Removing Light Blue Concrete from ore dictionary entry blockConcrete
[INITIALIZATION][CLIENT][INFO] Removing Magenta Concrete from ore dictionary entry blockConcrete
[INITIALIZATION][CLIENT][INFO] Removing Orange Concrete from ore dictionary entry blockConcrete
[INITIALIZATION][CLIENT][INFO] Removing White Concrete from ore dictionary entry blockConcrete
[INITIALIZATION][CLIENT][INFO] Removing Black Concrete from ore dictionary entry blockConcrete
[INITIALIZATION][CLIENT][INFO] Removing Red Concrete from ore dictionary entry blockConcrete
[INITIALIZATION][CLIENT][INFO] Removing Green Concrete from ore dictionary entry blockConcrete
[INITIALIZATION][CLIENT][INFO] Removing Brown Concrete from ore dictionary entry blockConcrete
[INITIALIZATION][CLIENT][INFO] Removing Blue Concrete from ore dictionary entry blockConcrete
[INITIALIZATION][CLIENT][INFO] Removing Purple Concrete from ore dictionary entry blockConcrete
[INITIALIZATION][CLIENT][INFO] Removing Cyan Concrete from ore dictionary entry blockConcrete
[INITIALIZATION][CLIENT][INFO] Removing Light Gray Concrete from ore dictionary entry blockConcrete
[INITIALIZATION][CLIENT][INFO] Removing Gray Concrete from ore dictionary entry blockConcrete
[INITIALIZATION][CLIENT][INFO] Removing Pink Concrete from ore dictionary entry blockConcrete
[INITIALIZATION][CLIENT][INFO] Removing Lime Concrete from ore dictionary entry blockConcrete
[INITIALIZATION][CLIENT][INFO] Removing Yellow Concrete from ore dictionary entry blockConcrete
[INITIALIZATION][CLIENT][INFO] Removing Light Blue Concrete from ore dictionary entry blockConcrete
[INITIALIZATION][CLIENT][INFO] Removing Magenta Concrete from ore dictionary entry blockConcrete
[INITIALIZATION][CLIENT][INFO] Removing Orange Concrete from ore dictionary entry blockConcrete
[INITIALIZATION][CLIENT][INFO] Removing White Concrete from ore dictionary entry blockConcrete
[INITIALIZATION][CLIENT][INFO] Removing Black Concrete from ore dictionary entry blockConcrete
[INITIALIZATION][CLIENT][INFO] Removing Red Concrete from ore dictionary entry blockConcrete
[INITIALIZATION][CLIENT][INFO] Removing Green Concrete from ore dictionary entry blockConcrete
[INITIALIZATION][CLIENT][INFO] Removing Brown Concrete from ore dictionary entry blockConcrete
[INITIALIZATION][CLIENT][INFO] Removing Blue Concrete from ore dictionary entry blockConcrete
[INITIALIZATION][CLIENT][INFO] Removing Purple Concrete from ore dictionary entry blockConcrete
[INITIALIZATION][CLIENT][INFO] Removing Cyan Concrete from ore dictionary entry blockConcrete
[INITIALIZATION][CLIENT][INFO] Removing Light Gray Concrete from ore dictionary entry blockConcrete
[INITIALIZATION][CLIENT][INFO] Removing Gray Concrete from ore dictionary entry blockConcrete
[INITIALIZATION][CLIENT][INFO] Removing Pink Concrete from ore dictionary entry blockConcrete
[INITIALIZATION][CLIENT][INFO] Removing Lime Concrete from ore dictionary entry blockConcrete
[INITIALIZATION][CLIENT][INFO] Removing Yellow Concrete from ore dictionary entry blockConcrete
[INITIALIZATION][CLIENT][INFO] Removing Light Blue Concrete from ore dictionary entry blockConcrete
[INITIALIZATION][CLIENT][INFO] Removing Magenta Concrete from ore dictionary entry blockConcrete
[INITIALIZATION][CLIENT][INFO] Removing Orange Concrete from ore dictionary entry blockConcrete
[INITIALIZATION][CLIENT][INFO] Removing White Concrete from ore dictionary entry blockConcrete
[INITIALIZATION][CLIENT][INFO] Removing Black Concrete from ore dictionary entry blockConcrete
[INITIALIZATION][CLIENT][INFO] Removing Red Concrete from ore dictionary entry blockConcrete
[INITIALIZATION][CLIENT][INFO] Removing Green Concrete from ore dictionary entry blockConcrete
[INITIALIZATION][CLIENT][INFO] Removing Brown Concrete from ore dictionary entry blockConcrete
[INITIALIZATION][CLIENT][INFO] Removing Blue Concrete from ore dictionary entry blockConcrete
[INITIALIZATION][CLIENT][INFO] Removing Purple Concrete from ore dictionary entry blockConcrete
[INITIALIZATION][CLIENT][INFO] Removing Cyan Concrete from ore dictionary entry blockConcrete
[INITIALIZATION][CLIENT][INFO] Removing Light Gray Concrete from ore dictionary entry blockConcrete
[INITIALIZATION][CLIENT][INFO] Removing Gray Concrete from ore dictionary entry blockConcrete
[INITIALIZATION][CLIENT][INFO] Removing Pink Concrete from ore dictionary entry blockConcrete
[INITIALIZATION][CLIENT][INFO] Removing Lime Concrete from ore dictionary entry blockConcrete
[INITIALIZATION][CLIENT][INFO] Removing Yellow Concrete from ore dictionary entry blockConcrete
[INITIALIZATION][CLIENT][INFO] Removing Light Blue Concrete from ore dictionary entry blockConcrete
[INITIALIZATION][CLIENT][INFO] Removing Magenta Concrete from ore dictionary entry blockConcrete
[INITIALIZATION][CLIENT][INFO] Removing Orange Concrete from ore dictionary entry blockConcrete
[INITIALIZATION][CLIENT][INFO] Removing White Concrete from ore dictionary entry blockConcrete
[INITIALIZATION][CLIENT][INFO] [crafttweaker | SIDE_CLIENT]: Loading Script: {[0:crafttweaker]: pneumaticcraft.zs}
[INITIALIZATION][CLIENT][INFO] [crafttweaker | SIDE_CLIENT]: Loading Script: {[0:crafttweaker]: tconstruct.zs}
[INITIALIZATION][CLIENT][INFO] Altering Alloy Recipe(s) for <liquid:steel> * 18
[INITIALIZATION][CLIENT][INFO] Altering Alloy Recipe(s) for <liquid:brass> * 3
[INITIALIZATION][CLIENT][INFO] Altering Alloy Recipe(s) for <liquid:alubrass> * 4
[INITIALIZATION][CLIENT][INFO] Altering Melting Recipe(s) for <liquid:stone> * 72
[INITIALIZATION][CLIENT][INFO] Altering Melting Recipe(s) for <liquid:stone> * 72
[INITIALIZATION][CLIENT][INFO] Altering Melting Recipe(s) for <liquid:glass> * 1000
[INITIALIZATION][CLIENT][INFO] Altering Casting Recipe(s) for <tconstruct:cast_custom:3>
[INITIALIZATION][CLIENT][INFO] Altering Casting Recipe(s) for <tconstruct:cast_custom:4>
[INITIALIZATION][CLIENT][INFO] [crafttweaker | SIDE_CLIENT]: Loading Script: {[0:crafttweaker]: vanilla.zs}
[INITIALIZATION][CLIENT][INFO] Setting fuel for <contenttweaker:uncompressed_charcoal>
[INITIALIZATION][CLIENT][INFO] Setting fuel for <contenttweaker:uncompressed_lignite_coal>
[INITIALIZATION][CLIENT][INFO] Setting fuel for <contenttweaker:uncompressed_coal_coke>
[INITIALIZATION][CLIENT][INFO] Setting fuel for <contenttweaker:uncompressed_lignite_coke>
[INITIALIZATION][CLIENT][INFO] Setting fuel for <forge:bucketfilled>.withTag({FluidName: "creosote", Amount: 1000})
[INITIALIZATION][CLIENT][INFO] Completed script loading in: 782ms
