[13:06:41] [main/INFO] [LaunchWrapper]: Loading tweak class name net.minecraftforge.fml.common.launcher.FMLTweaker
[13:06:41] [main/INFO] [LaunchWrapper]: Using primary tweak class name net.minecraftforge.fml.common.launcher.FMLTweaker
[13:06:41] [main/INFO] [LaunchWrapper]: Calling tweak class net.minecraftforge.fml.common.launcher.FMLTweaker
[13:06:41] [main/INFO] [FML]: Forge Mod Loader version 14.23.5.2815 for Minecraft 1.12.2 loading
[13:06:41] [main/INFO] [FML]: Java is OpenJDK 64-Bit Server VM, version 1.8.0_402, running on Linux:amd64:6.7.4-arch1-1, installed at /usr/lib/jvm/java-8-openjdk/jre
[13:06:41] [main/INFO] [FML]: Searching /home/kobisteve07/.local/share/PrismLauncher/instances/GregBlock/minecraft/mods for mods
[13:06:41] [main/INFO] [FML]: Searching /home/kobisteve07/.local/share/PrismLauncher/instances/GregBlock/minecraft/mods/1.12.2 for mods
[13:06:41] [main/WARN] [FML]: Found FMLCorePluginContainsFMLMod marker in bedpatch-2.2-1.12.2.jar. This is not recommended, @Mods should be in a separate jar from the coremod.
[13:06:41] [main/WARN] [FML]: The coremod BedPatch (com.mordenkainen.bedpatch.BedPatch) is not signed!
[13:06:41] [main/INFO] [FML]: Loading tweaker guichaguri.betterfps.tweaker.BetterFpsTweaker from BetterFps-1.4.8.jar
[13:06:41] [main/WARN] [FML]: Found FMLCorePluginContainsFMLMod marker in biggerpacketsplz-since1.8-1.2.jar. This is not recommended, @Mods should be in a separate jar from the coremod.
[13:06:41] [main/WARN] [FML]: The coremod net.elnounch.mc.biggerpacketsplz.BiggerPacketsPlzCoreMod does not have a MCVersion annotation, it may cause issues with this version of Minecraft
[13:06:41] [main/WARN] [FML]: The coremod BiggerPacketsPlzCoreMod (net.elnounch.mc.biggerpacketsplz.BiggerPacketsPlzCoreMod) is not signed!
[13:06:41] [main/INFO] [FML]: Loading tweaker codechicken.asm.internal.Tweaker from ChickenASM-1.12-1.0.2.7.jar
[13:06:41] [main/WARN] [FML]: Found FMLCorePluginContainsFMLMod marker in CTM-MC1.12.2-0.3.3.22.jar. This is not recommended, @Mods should be in a separate jar from the coremod.
[13:06:41] [main/WARN] [FML]: The coremod team.chisel.ctm.client.asm.CTMCorePlugin does not have a MCVersion annotation, it may cause issues with this version of Minecraft
[13:06:41] [main/WARN] [FML]: The coremod CTMCorePlugin (team.chisel.ctm.client.asm.CTMCorePlugin) is not signed!
[13:06:41] [main/WARN] [FML]: Found FMLCorePluginContainsFMLMod marker in foamfix-0.10.5-1.12.2.jar. This is not recommended, @Mods should be in a separate jar from the coremod.
[13:06:41] [main/WARN] [FML]: The coremod pl.asie.foamfix.coremod.FoamFixCore does not have a MCVersion annotation, it may cause issues with this version of Minecraft
[13:06:41] [main/WARN] [FML]: Found FMLCorePluginContainsFMLMod marker in Forgelin-1.8.2.jar. This is not recommended, @Mods should be in a separate jar from the coremod.
[13:06:41] [main/WARN] [FML]: The coremod net.shadowfacts.forgelin.preloader.ForgelinPlugin does not have a MCVersion annotation, it may cause issues with this version of Minecraft
[13:06:41] [main/WARN] [FML]: The coremod ForgelinPlugin (net.shadowfacts.forgelin.preloader.ForgelinPlugin) is not signed!
[13:06:41] [main/WARN] [FML]: Found FMLCorePluginContainsFMLMod marker in InventoryTweaks-1.63.jar. This is not recommended, @Mods should be in a separate jar from the coremod.
[13:06:41] [main/WARN] [FML]: The coremod invtweaks.forge.asm.FMLPlugin does not have a MCVersion annotation, it may cause issues with this version of Minecraft
[13:06:41] [main/WARN] [FML]: The coremod com.therandomlabs.randompatches.core.RPCore does not have a MCVersion annotation, it may cause issues with this version of Minecraft
[13:06:41] [main/WARN] [FML]: Found FMLCorePluginContainsFMLMod marker in ResourceLoader-MC1.12.1-1.5.3.jar. This is not recommended, @Mods should be in a separate jar from the coremod.
[13:06:41] [main/WARN] [FML]: The coremod lumien.resourceloader.asm.LoadingPlugin does not have a MCVersion annotation, it may cause issues with this version of Minecraft
[13:06:41] [main/INFO] [LaunchWrapper]: Loading tweak class name net.minecraftforge.fml.common.launcher.FMLInjectionAndSortingTweaker
[13:06:41] [main/INFO] [LaunchWrapper]: Loading tweak class name guichaguri.betterfps.tweaker.BetterFpsTweaker
[13:06:41] [main/INFO] [LaunchWrapper]: Loading tweak class name codechicken.asm.internal.Tweaker
[13:06:41] [main/INFO] [LaunchWrapper]: Loading tweak class name net.minecraftforge.fml.common.launcher.FMLDeobfTweaker
[13:06:41] [main/INFO] [LaunchWrapper]: Calling tweak class net.minecraftforge.fml.common.launcher.FMLInjectionAndSortingTweaker
[13:06:41] [main/INFO] [LaunchWrapper]: Calling tweak class net.minecraftforge.fml.common.launcher.FMLInjectionAndSortingTweaker
[13:06:41] [main/INFO] [LaunchWrapper]: Calling tweak class net.minecraftforge.fml.relauncher.CoreModManager$FMLPluginWrapper
[13:06:43] [main/INFO] [FML]: Found valid fingerprint for Minecraft Forge. Certificate fingerprint e3c3d50c7c986df74c645c0ac54639741c90a557
[13:06:43] [main/INFO] [FML]: Found valid fingerprint for Minecraft. Certificate fingerprint cd99959656f753dc28d863b46769f7f8fbaefcfc
[13:06:43] [main/INFO] [LaunchWrapper]: Calling tweak class net.minecraftforge.fml.relauncher.CoreModManager$FMLPluginWrapper
[13:06:43] [main/INFO] [LaunchWrapper]: Calling tweak class net.minecraftforge.fml.relauncher.CoreModManager$FMLPluginWrapper
[13:06:43] [main/INFO] [LaunchWrapper]: Calling tweak class net.minecraftforge.fml.relauncher.CoreModManager$FMLPluginWrapper
[13:06:43] [main/INFO] [LaunchWrapper]: Calling tweak class codechicken.asm.internal.Tweaker
[13:06:43] [main/INFO] [STDOUT]: [codechicken.asm.internal.Tweaker:injectIntoClassLoader:30]: false
[13:06:43] [main/INFO] [LaunchWrapper]: Calling tweak class guichaguri.betterfps.tweaker.BetterFpsTweaker
[13:06:43] [main/INFO] [LaunchWrapper]: Calling tweak class net.minecraftforge.fml.common.launcher.FMLDeobfTweaker
[13:06:44] [main/INFO] [LaunchWrapper]: Calling tweak class net.minecraftforge.fml.relauncher.CoreModManager$FMLPluginWrapper
[13:06:44] [main/INFO] [LaunchWrapper]: Calling tweak class net.minecraftforge.fml.relauncher.CoreModManager$FMLPluginWrapper
[13:06:44] [main/INFO] [LaunchWrapper]: Calling tweak class net.minecraftforge.fml.relauncher.CoreModManager$FMLPluginWrapper
[13:06:44] [main/INFO] [LaunchWrapper]: Calling tweak class net.minecraftforge.fml.relauncher.CoreModManager$FMLPluginWrapper
[13:06:44] [main/INFO] [LaunchWrapper]: Calling tweak class net.minecraftforge.fml.relauncher.CoreModManager$FMLPluginWrapper
[13:06:44] [main/INFO] [LaunchWrapper]: Calling tweak class net.minecraftforge.fml.relauncher.CoreModManager$FMLPluginWrapper
[13:06:44] [main/INFO] [LaunchWrapper]: Loading tweak class name net.minecraftforge.fml.common.launcher.TerminalTweaker
[13:06:44] [main/INFO] [LaunchWrapper]: Calling tweak class net.minecraftforge.fml.common.launcher.TerminalTweaker
[13:06:44] [main/INFO] [LaunchWrapper]: Launching wrapped minecraft {net.minecraft.client.main.Main}
[13:06:44] [main/INFO] [BetterFps]: Patching net.minecraft.client.Minecraft... (bib)
[13:06:45] [main/INFO] [STDOUT]: [pl.asie.foamfix.coremod.FoamFixTransformer:spliceClasses:124]: Added INTERFACE: pl/asie/foamfix/coremod/patches/IFoamFixWorldRemovable
[13:06:45] [main/INFO] [STDOUT]: [pl.asie.foamfix.coremod.FoamFixTransformer:spliceClasses:161]: Added METHOD: net.minecraft.world.World.foamfix_removeUnloadedEntities
[13:06:45] [main/INFO] [BetterFps]: Patching net.minecraft.client.entity.EntityPlayerSP... (bud)
[13:06:45] [Client thread/INFO] [STDOUT]: [pl.asie.foamfix.coremod.patches.WorldServerRemovalPatch:apply:62]: Patched updateEntities in net/minecraft/world/WorldServer func_72939_s
[13:06:45] [Client thread/INFO] [STDOUT]: [pl.asie.foamfix.coremod.FoamFixTransformer:spliceClasses:137]: Spliced in METHOD: net.minecraft.client.util.SearchTreeManager.func_110549_a
[13:06:45] [Client thread/INFO] [STDOUT]: [team.chisel.ctm.client.asm.CTMTransformer:preTransform:230]: Transforming Class [net.minecraftforge.client.ForgeHooksClient], Method [getDamageModel]
[13:06:45] [Client thread/INFO] [STDOUT]: [team.chisel.ctm.client.asm.CTMTransformer:finishTransform:242]: Transforming net.minecraftforge.client.ForgeHooksClient Finished.
[13:06:45] [Client thread/INFO] [net.minecraft.client.Minecraft]: Setting user: KobiSteve07
[13:06:45] [Client thread/INFO] [BetterFps]: Patching net.minecraft.block.Block... (aow)
[13:06:45] [Client thread/INFO] [STDOUT]: [team.chisel.ctm.client.asm.CTMTransformer:preTransform:230]: Transforming Class [net.minecraft.block.Block], Method [getExtendedState]
[13:06:45] [Client thread/INFO] [STDOUT]: [team.chisel.ctm.client.asm.CTMTransformer:finishTransform:242]: Transforming net.minecraft.block.Block Finished.
[13:06:46] [Client thread/INFO] [STDOUT]: [pl.asie.foamfix.coremod.FoamFixTransformer:spliceClasses:137]: Spliced in METHOD: net.minecraft.block.state.BlockStateContainer.createState
[13:06:46] [Client thread/INFO] [STDOUT]: [pl.asie.foamfix.coremod.FoamFixTransformer:spliceClasses:137]: Spliced in METHOD: net.minecraft.block.properties.PropertyEnum.equals
[13:06:46] [Client thread/INFO] [STDOUT]: [pl.asie.foamfix.coremod.FoamFixTransformer:spliceClasses:137]: Spliced in METHOD: net.minecraft.block.properties.PropertyEnum.hashCode
[13:06:46] [Client thread/INFO] [STDOUT]: [pl.asie.foamfix.coremod.FoamFixTransformer:spliceClasses:184]: Added FIELD: net.minecraft.block.properties.PropertyEnum.foamfix_hashCode
[13:06:46] [Client thread/INFO] [STDOUT]: [pl.asie.foamfix.coremod.FoamFixTransformer:spliceClasses:184]: Added FIELD: net.minecraft.block.properties.PropertyEnum.foamfix_hashCode_calced
[13:06:46] [Client thread/INFO] [STDOUT]: [pl.asie.foamfix.coremod.FoamFixTransformer:spliceClasses:137]: Spliced in METHOD: net.minecraft.block.properties.PropertyInteger.hashCode
[13:06:46] [Client thread/INFO] [STDOUT]: [pl.asie.foamfix.coremod.FoamFixTransformer:spliceClasses:184]: Added FIELD: net.minecraft.block.properties.PropertyInteger.foamfix_hashCode
[13:06:46] [Client thread/INFO] [STDOUT]: [pl.asie.foamfix.coremod.FoamFixTransformer:spliceClasses:184]: Added FIELD: net.minecraft.block.properties.PropertyInteger.foamfix_hashCode_calced
[13:06:46] [Client thread/INFO] [STDOUT]: [pl.asie.foamfix.coremod.FoamFixTransformer:spliceClasses:137]: Spliced in METHOD: net.minecraft.block.properties.PropertyBool.equals
[13:06:46] [Client thread/INFO] [STDOUT]: [pl.asie.foamfix.coremod.FoamFixTransformer:spliceClasses:137]: Spliced in METHOD: net.minecraft.block.properties.PropertyBool.hashCode
[13:06:46] [Client thread/INFO] [BetterFps]: Patching math utils with "RIVENS_HALF" algorithm
[13:06:46] [Client thread/INFO] [STDOUT]: [pl.asie.foamfix.coremod.FoamFixTransformer:spliceClasses:137]: Spliced in METHOD: net.minecraft.tileentity.TileEntity.func_190559_a
[13:06:46] [Client thread/INFO] [STDOUT]: [pl.asie.foamfix.coremod.FoamFixTransformer:spliceClasses:137]: Spliced in METHOD: net.minecraft.block.BlockBed.func_189540_a
[13:06:47] [Client thread/INFO] [BetterFps]: Patching net.minecraft.tileentity.TileEntityBeacon... (avh)
[13:06:47] [Client thread/INFO] [BetterFps]: Patching net.minecraft.block.BlockHopper... (arl)
[13:06:47] [Client thread/INFO] [STDOUT]: [pl.asie.patchy.helpers.ConstructorReplacingTransformer$FFMethodVisitor:visitTypeInsn:73]: Replaced NEW for net/minecraft/tileentity/TileEntityHopper to pl/asie/foamfix/common/TileEntityFasterHopper
[13:06:47] [Client thread/INFO] [STDOUT]: [pl.asie.patchy.helpers.ConstructorReplacingTransformer$FFMethodVisitor:visitMethodInsn:85]: Replaced INVOKESPECIAL for net/minecraft/tileentity/TileEntityHopper to pl/asie/foamfix/common/TileEntityFasterHopper
[13:06:47] [Client thread/INFO] [BetterFps]: Patching net.minecraft.tileentity.TileEntityHopper... (avw)
[13:06:48] [Client thread/INFO] [STDOUT]: [pl.asie.foamfix.coremod.FoamFixTransformer:spliceClasses:124]: Added INTERFACE: pl/asie/foamfix/api/IFoamFixMobSpawnerLogic
[13:06:48] [Client thread/INFO] [STDOUT]: [pl.asie.foamfix.coremod.FoamFixTransformer:spliceClasses:137]: Spliced in METHOD: net.minecraft.tileentity.MobSpawnerBaseLogic.func_98279_f
[13:06:48] [Client thread/INFO] [STDOUT]: [pl.asie.foamfix.coremod.FoamFixTransformer:spliceClasses:184]: Added FIELD: net.minecraft.tileentity.MobSpawnerBaseLogic.foamfix_activatedCache
[13:06:48] [Client thread/INFO] [STDOUT]: [pl.asie.foamfix.coremod.FoamFixTransformer:spliceClasses:184]: Added FIELD: net.minecraft.tileentity.MobSpawnerBaseLogic.foamfix_activatedCachePESize
[13:06:48] [Client thread/INFO] [STDOUT]: [pl.asie.foamfix.coremod.FoamFixTransformer:spliceClasses:184]: Added FIELD: net.minecraft.tileentity.MobSpawnerBaseLogic.foamfix_activatedCacheTime
[13:06:48] [Client thread/INFO] [STDOUT]: [pl.asie.foamfix.coremod.FoamFixTransformer:spliceClasses:184]: Added FIELD: net.minecraft.tileentity.MobSpawnerBaseLogic.foamfix_forcedCache
[13:06:48] [Client thread/INFO] [STDOUT]: [pl.asie.foamfix.coremod.FoamFixTransformer:spliceClasses:184]: Added FIELD: net.minecraft.tileentity.MobSpawnerBaseLogic.foamfix_forcedCacheTime
[13:06:49] [BetterFps Update Checker/WARN] [BetterFps]: Could not check for updates: widget.mcf.li
[13:06:49] [Client thread/WARN] [net.minecraft.client.settings.GameSettings]: Skipping bad option: lastServer:
[13:06:49] [Client thread/INFO] [net.minecraft.client.Minecraft]: LWJGL Version: 2.9.4
[13:06:49] [Client thread/INFO] [FML]: -- System Details --
Details:
	Minecraft Version: 1.12.2
	Operating System: Linux (amd64) version 6.7.4-arch1-1
	Java Version: 1.8.0_402, Oracle Corporation
	Java VM Version: OpenJDK 64-Bit Server VM (mixed mode), Oracle Corporation
	Memory: 771140336 bytes (735 MB) / 1217921024 bytes (1161 MB) up to 3817865216 bytes (3641 MB)
	JVM Flags: 2 total; -Xms512m -Xmx4096m
	IntCache: cache: 0, tcache: 0, allocated: 0, tallocated: 0
	FML: 
	Loaded coremods (and transformers): 
Inventory Tweaks Coremod (InventoryTweaks-1.63.jar)
  invtweaks.forge.asm.ContainerTransformer
BedPatch (bedpatch-2.2-1.12.2.jar)
  com.mordenkainen.bedpatch.BedPatchASM
Do not report to Forge! (If you haven't disabled the FoamFix coremod, try disabling it in the config! Note that this bit of text will still appear.) (foamfix-0.10.5-1.12.2.jar)
  pl.asie.foamfix.coremod.FoamFixTransformer
LoadingPlugin (ResourceLoader-MC1.12.1-1.5.3.jar)
  lumien.resourceloader.asm.ClassTransformer
BiggerPacketsPlzCoreMod (biggerpacketsplz-since1.8-1.2.jar)
  net.elnounch.mc.biggerpacketsplz.BiggerPacketsPlzClassTransformer
RandomPatches (randompatches-1.12.2-1.15.0.2.jar)
  com.therandomlabs.randompatches.core.RPTransformer
ForgelinPlugin (Forgelin-1.8.2.jar)
  
CTMCorePlugin (CTM-MC1.12.2-0.3.3.22.jar)
  team.chisel.ctm.client.asm.CTMTransformer
	GL info: ' Vendor: 'Intel' Version: '3.3 (Compatibility Profile) Mesa 24.0.1-arch1.1' Renderer: 'Mesa Intel(R) HD Graphics 3000 (SNB GT2)'
[13:06:49] [Client thread/INFO] [FML]: MinecraftForge v14.23.5.2815 Initialized
[13:06:49] [Client thread/INFO] [FML]: Starts to replace vanilla recipe ingredients with ore ingredients.
[13:06:50] [Client thread/INFO] [FML]: Replaced 1036 ore ingredients
[13:06:50] [Client thread/WARN] [FML]: Enabling removal of erroring Entities - USE AT YOUR OWN RISK
[13:06:50] [Client thread/WARN] [FML]: Enabling removal of erroring Tile Entities - USE AT YOUR OWN RISK
[13:06:50] [Client thread/INFO] [FML]: Searching /home/kobisteve07/.local/share/PrismLauncher/instances/GregBlock/minecraft/mods for mods
[13:06:50] [Client thread/INFO] [FML]: Searching /home/kobisteve07/.local/share/PrismLauncher/instances/GregBlock/minecraft/mods/1.12.2 for mods
[13:06:51] [Client thread/INFO] [FML]: Disabling mod bedpatch it is server side only.
[13:06:51] [Client thread/WARN] [FML]: Mod betterbuilderswands is missing the required element 'version' and a version.properties file could not be found. Falling back to metadata version 0.13.2
[13:06:51] [Client thread/WARN] [FML]: Mod codechickenlib is missing the required element 'version' and a version.properties file could not be found. Falling back to metadata version 3.2.2.353
[13:06:52] [Client thread/WARN] [FML]: Mod craftingtweaks is missing the required element 'version' and a version.properties file could not be found. Falling back to metadata version 8.1.9
[13:06:52] [Client thread/WARN] [FML]: Mod defaultoptions is missing the required element 'version' and a version.properties file could not be found. Falling back to metadata version 9.2.8
[13:06:52] [Client thread/WARN] [FML]: Mod excompressum is missing the required element 'version' and a version.properties file could not be found. Falling back to metadata version 3.0.27
[13:06:52] [Thread-3/INFO] [FML]: Using sync timing. 200 frames of Display.update took 89374757 nanos
[13:06:52] [Client thread/WARN] [FML]: Mod microblockcbe is missing the required element 'version' and a version.properties file could not be found. Falling back to metadata version 2.6.1.81
[13:06:53] [Client thread/WARN] [FML]: Mod forgemultipartcbe is missing the required element 'version' and a version.properties file could not be found. Falling back to metadata version 2.6.1.81
[13:06:53] [Client thread/WARN] [FML]: Mod minecraftmultipartcbe is missing the required element 'version' and a version.properties file could not be found. Falling back to metadata version 2.6.1.81
[13:06:53] [Client thread/WARN] [FML]: Mod forgivingvoid is missing the required element 'version' and a version.properties file could not be found. Falling back to metadata version 1.0.21
[13:06:53] [Client thread/WARN] [FML]: Mod gregtech is missing the required element 'version' and a version.properties file could not be found. Falling back to metadata version 1.7.0.387
[13:06:53] [Client thread/WARN] [FML]: Mod kleeslabs is missing the required element 'version' and a version.properties file could not be found. Falling back to metadata version 5.4.11
[13:06:53] [Client thread/WARN] [FML]: Mod mrtjpcore is missing the required element 'version' and a version.properties file could not be found. Falling back to metadata version 2.1.3.35
[13:06:53] [Client thread/WARN] [FML]: Mod nmsot is missing the required element 'version' and a version.properties file could not be found. Falling back to metadata version 1.2.2-mc1.12.2
[13:06:53] [Client thread/WARN] [FML]: Mod projectred-core is missing the required element 'version' and a version.properties file could not be found. Falling back to metadata version 4.9.1.92
[13:06:53] [Client thread/WARN] [FML]: Mod projectred-fabrication is missing the required element 'version' and a version.properties file could not be found. Falling back to metadata version 4.9.1.92
[13:06:53] [Client thread/WARN] [FML]: Mod projectred-integration is missing the required element 'version' and a version.properties file could not be found. Falling back to metadata version 4.9.1.92
[13:06:53] [Client thread/WARN] [FML]: Mod projectred-transmission is missing the required element 'version' and a version.properties file could not be found. Falling back to metadata version 4.9.1.92
[13:06:53] [Client thread/WARN] [FML]: Mod projectred-expansion is missing the required element 'version' and a version.properties file could not be found. Falling back to metadata version 4.9.1.92
[13:06:53] [Client thread/WARN] [FML]: Mod projectred-relocation is missing the required element 'version' and a version.properties file could not be found. Falling back to metadata version 4.9.1.92
[13:06:53] [Client thread/WARN] [FML]: Mod projectred-transportation is missing the required element 'version' and a version.properties file could not be found. Falling back to metadata version 4.9.1.92
[13:06:53] [Client thread/WARN] [FML]: Mod voidislandcontrol is missing the required element 'version' and a version.properties file could not be found. Falling back to metadata version 1.5.3
[13:06:53] [Client thread/INFO] [FML]: Forge Mod Loader has identified 116 mods to load
[13:06:54] [Client thread/INFO] [FML]: FML has found a non-mod file bedpatch-2.2-1.12.2.jar in your mods directory. It will now be injected into your classpath. This could severe stability issues, it should be removed if possible.
[13:06:54] [Client thread/INFO] [FML]: FML has found a non-mod file mcjtytools-0.0.14.jar in your mods directory. It will now be injected into your classpath. This could severe stability issues, it should be removed if possible.
[13:06:54] [Client thread/INFO] [FML]: The game window is being closed by the player, exiting.
[13:06:54] [Client thread/WARN] [FML]: Java has been asked to exit (code 0)
[13:06:54] [Client thread/WARN] [FML]: Exit trace:
[13:06:54] [Client thread/WARN] [FML]: 	net.minecraftforge.fml.common.LoadController.transition(LoadController.java:145)
[13:06:54] [Client thread/WARN] [FML]: 	net.minecraftforge.fml.common.Loader.loadMods(Loader.java:592)
[13:06:54] [Client thread/WARN] [FML]: 	net.minecraftforge.fml.client.FMLClientHandler.beginMinecraftLoading(FMLClientHandler.java:232)
[13:06:54] [Client thread/WARN] [FML]: 	net.minecraft.client.Minecraft.func_71384_a(Minecraft.java:467)
[13:06:54] [Client thread/WARN] [FML]: 	net.minecraft.client.Minecraft.func_99999_d(Minecraft.java:378)
[13:06:54] [Client thread/WARN] [FML]: 	net.minecraft.client.main.Main.main(SourceFile:123)
[13:06:54] [Client thread/WARN] [FML]: 	sun.reflect.NativeMethodAccessorImpl.invoke0(Native Method)
[13:06:54] [Client thread/WARN] [FML]: 	sun.reflect.NativeMethodAccessorImpl.invoke(NativeMethodAccessorImpl.java:62)
[13:06:54] [Client thread/WARN] [FML]: 	sun.reflect.DelegatingMethodAccessorImpl.invoke(DelegatingMethodAccessorImpl.java:43)
[13:06:54] [Client thread/WARN] [FML]: 	java.lang.reflect.Method.invoke(Method.java:498)
[13:06:54] [Client thread/WARN] [FML]: 	net.minecraft.launchwrapper.Launch.launch(Launch.java:135)
[13:06:54] [Client thread/WARN] [FML]: 	net.minecraft.launchwrapper.Launch.main(Launch.java:28)
[13:06:54] [Client thread/WARN] [FML]: 	org.prismlauncher.launcher.impl.StandardLauncher.launch(StandardLauncher.java:87)
[13:06:54] [Client thread/WARN] [FML]: 	org.prismlauncher.EntryPoint.listen(EntryPoint.java:130)
[13:06:54] [Client thread/WARN] [FML]: 	org.prismlauncher.EntryPoint.main(EntryPoint.java:70)
